Build started 2017.01.22 11:06:53.
     1>Project "C:\Users\James\Documents\Visual Studio 2012\1x01 C Fundamentals\1x01 C Fundamentals\1x01 C Fundamentals\1x01 C Fundamentals.vcxproj" on node 2 (Build target(s)).
     1>ClCompile:
         C:\Program Files (x86)\Microsoft Visual Studio 11.0\VC\bin\CL.exe /c /ZI /nologo /W3 /WX- /Od /Oy- /D WIN32 /D _DEBUG /D _CONSOLE /D _UNICODE /D UNICODE /Gm /EHsc /RTC1 /MDd /GS /fp:precise /Zc:wchar_t /Zc:forScope /Yu"stdafx.h" /Fp"Debug\1x01 C Fundamentals.pch" /Fo"Debug\\" /Fd"Debug\vc110.pdb" /Gd /TP /analyze- /errorReport:prompt PointersStructures.cpp _3x0B_User_Defined_Functions.cpp _4x00_LinkedLists.cpp _4x01_SingleLinkedListOfInts.cpp _4x02_SingleLinkedListOfChar.cpp _4x03_SingleLinkedListOfChars.cpp
         _4x03_SingleLinkedListOfChars.cpp
     1>c:\users\james\documents\visual studio 2012\1x01 c fundamentals\1x01 c fundamentals\1x01 c fundamentals\_4x03_singlelinkedlistofchars.cpp(186): warning C4996: 'scanf': This function or variable may be unsafe. Consider using scanf_s instead. To disable deprecation, use _CRT_SECURE_NO_WARNINGS. See online help for details.
                 c:\program files (x86)\microsoft visual studio 11.0\vc\include\stdio.h(290) : see declaration of 'scanf'
     1>c:\users\james\documents\visual studio 2012\1x01 c fundamentals\1x01 c fundamentals\1x01 c fundamentals\_4x03_singlelinkedlistofchars.cpp(265): warning C4996: 'strcpy': This function or variable may be unsafe. Consider using strcpy_s instead. To disable deprecation, use _CRT_SECURE_NO_WARNINGS. See online help for details.
                 c:\program files (x86)\microsoft visual studio 11.0\vc\include\string.h(110) : see declaration of 'strcpy'
     1>c:\users\james\documents\visual studio 2012\1x01 c fundamentals\1x01 c fundamentals\1x01 c fundamentals\_4x03_singlelinkedlistofchars.cpp(285): warning C4996: 'scanf': This function or variable may be unsafe. Consider using scanf_s instead. To disable deprecation, use _CRT_SECURE_NO_WARNINGS. See online help for details.
                 c:\program files (x86)\microsoft visual studio 11.0\vc\include\stdio.h(290) : see declaration of 'scanf'
     1>c:\users\james\documents\visual studio 2012\1x01 c fundamentals\1x01 c fundamentals\1x01 c fundamentals\_4x03_singlelinkedlistofchars.cpp(390): warning C4996: 'scanf': This function or variable may be unsafe. Consider using scanf_s instead. To disable deprecation, use _CRT_SECURE_NO_WARNINGS. See online help for details.
                 c:\program files (x86)\microsoft visual studio 11.0\vc\include\stdio.h(290) : see declaration of 'scanf'
     1>c:\users\james\documents\visual studio 2012\1x01 c fundamentals\1x01 c fundamentals\1x01 c fundamentals\_4x03_singlelinkedlistofchars.cpp(562): warning C4996: 'strcpy': This function or variable may be unsafe. Consider using strcpy_s instead. To disable deprecation, use _CRT_SECURE_NO_WARNINGS. See online help for details.
                 c:\program files (x86)\microsoft visual studio 11.0\vc\include\string.h(110) : see declaration of 'strcpy'
     1>c:\users\james\documents\visual studio 2012\1x01 c fundamentals\1x01 c fundamentals\1x01 c fundamentals\_4x03_singlelinkedlistofchars.cpp(565): warning C4996: 'strcpy': This function or variable may be unsafe. Consider using strcpy_s instead. To disable deprecation, use _CRT_SECURE_NO_WARNINGS. See online help for details.
                 c:\program files (x86)\microsoft visual studio 11.0\vc\include\string.h(110) : see declaration of 'strcpy'
     1>c:\users\james\documents\visual studio 2012\1x01 c fundamentals\1x01 c fundamentals\1x01 c fundamentals\_4x03_singlelinkedlistofchars.cpp(568): warning C4996: 'strcpy': This function or variable may be unsafe. Consider using strcpy_s instead. To disable deprecation, use _CRT_SECURE_NO_WARNINGS. See online help for details.
                 c:\program files (x86)\microsoft visual studio 11.0\vc\include\string.h(110) : see declaration of 'strcpy'
     1>c:\users\james\documents\visual studio 2012\1x01 c fundamentals\1x01 c fundamentals\1x01 c fundamentals\_4x03_singlelinkedlistofchars.cpp(571): warning C4996: 'strcpy': This function or variable may be unsafe. Consider using strcpy_s instead. To disable deprecation, use _CRT_SECURE_NO_WARNINGS. See online help for details.
                 c:\program files (x86)\microsoft visual studio 11.0\vc\include\string.h(110) : see declaration of 'strcpy'
     1>c:\users\james\documents\visual studio 2012\1x01 c fundamentals\1x01 c fundamentals\1x01 c fundamentals\_4x03_singlelinkedlistofchars.cpp(574): warning C4996: 'strcpy': This function or variable may be unsafe. Consider using strcpy_s instead. To disable deprecation, use _CRT_SECURE_NO_WARNINGS. See online help for details.
                 c:\program files (x86)\microsoft visual studio 11.0\vc\include\string.h(110) : see declaration of 'strcpy'
     1>c:\users\james\documents\visual studio 2012\1x01 c fundamentals\1x01 c fundamentals\1x01 c fundamentals\_4x03_singlelinkedlistofchars.cpp(577): warning C4996: 'strcpy': This function or variable may be unsafe. Consider using strcpy_s instead. To disable deprecation, use _CRT_SECURE_NO_WARNINGS. See online help for details.
                 c:\program files (x86)\microsoft visual studio 11.0\vc\include\string.h(110) : see declaration of 'strcpy'
         _4x02_SingleLinkedListOfChar.cpp
     1>c:\users\james\documents\visual studio 2012\1x01 c fundamentals\1x01 c fundamentals\1x01 c fundamentals\_4x02_singlelinkedlistofchar.cpp(146): warning C4996: 'scanf': This function or variable may be unsafe. Consider using scanf_s instead. To disable deprecation, use _CRT_SECURE_NO_WARNINGS. See online help for details.
                 c:\program files (x86)\microsoft visual studio 11.0\vc\include\stdio.h(290) : see declaration of 'scanf'
     1>c:\users\james\documents\visual studio 2012\1x01 c fundamentals\1x01 c fundamentals\1x01 c fundamentals\_4x02_singlelinkedlistofchar.cpp(225): warning C4996: 'scanf': This function or variable may be unsafe. Consider using scanf_s instead. To disable deprecation, use _CRT_SECURE_NO_WARNINGS. See online help for details.
                 c:\program files (x86)\microsoft visual studio 11.0\vc\include\stdio.h(290) : see declaration of 'scanf'
     1>c:\users\james\documents\visual studio 2012\1x01 c fundamentals\1x01 c fundamentals\1x01 c fundamentals\_4x02_singlelinkedlistofchar.cpp(309): warning C4996: 'scanf': This function or variable may be unsafe. Consider using scanf_s instead. To disable deprecation, use _CRT_SECURE_NO_WARNINGS. See online help for details.
                 c:\program files (x86)\microsoft visual studio 11.0\vc\include\stdio.h(290) : see declaration of 'scanf'
         _4x01_SingleLinkedListOfInts.cpp
     1>c:\users\james\documents\visual studio 2012\1x01 c fundamentals\1x01 c fundamentals\1x01 c fundamentals\_4x01_singlelinkedlistofints.cpp(157): warning C4996: 'scanf': This function or variable may be unsafe. Consider using scanf_s instead. To disable deprecation, use _CRT_SECURE_NO_WARNINGS. See online help for details.
                 c:\program files (x86)\microsoft visual studio 11.0\vc\include\stdio.h(290) : see declaration of 'scanf'
     1>c:\users\james\documents\visual studio 2012\1x01 c fundamentals\1x01 c fundamentals\1x01 c fundamentals\_4x01_singlelinkedlistofints.cpp(228): warning C4996: 'scanf': This function or variable may be unsafe. Consider using scanf_s instead. To disable deprecation, use _CRT_SECURE_NO_WARNINGS. See online help for details.
                 c:\program files (x86)\microsoft visual studio 11.0\vc\include\stdio.h(290) : see declaration of 'scanf'
     1>c:\users\james\documents\visual studio 2012\1x01 c fundamentals\1x01 c fundamentals\1x01 c fundamentals\_4x01_singlelinkedlistofints.cpp(311): warning C4996: 'scanf': This function or variable may be unsafe. Consider using scanf_s instead. To disable deprecation, use _CRT_SECURE_NO_WARNINGS. See online help for details.
                 c:\program files (x86)\microsoft visual studio 11.0\vc\include\stdio.h(290) : see declaration of 'scanf'
         _4x00_LinkedLists.cpp
         _3x0B_User_Defined_Functions.cpp
     1>c:\users\james\documents\visual studio 2012\1x01 c fundamentals\1x01 c fundamentals\1x01 c fundamentals\_3x0b_user_defined_functions.cpp(129): warning C4996: 'fopen': This function or variable may be unsafe. Consider using fopen_s instead. To disable deprecation, use _CRT_SECURE_NO_WARNINGS. See online help for details.
                 c:\program files (x86)\microsoft visual studio 11.0\vc\include\stdio.h(218) : see declaration of 'fopen'
     1>c:\users\james\documents\visual studio 2012\1x01 c fundamentals\1x01 c fundamentals\1x01 c fundamentals\_3x0b_user_defined_functions.cpp(150): warning C4996: 'strcpy': This function or variable may be unsafe. Consider using strcpy_s instead. To disable deprecation, use _CRT_SECURE_NO_WARNINGS. See online help for details.
                 c:\program files (x86)\microsoft visual studio 11.0\vc\include\string.h(110) : see declaration of 'strcpy'
     1>c:\users\james\documents\visual studio 2012\1x01 c fundamentals\1x01 c fundamentals\1x01 c fundamentals\_3x0b_user_defined_functions.cpp(151): warning C4996: 'strcpy': This function or variable may be unsafe. Consider using strcpy_s instead. To disable deprecation, use _CRT_SECURE_NO_WARNINGS. See online help for details.
                 c:\program files (x86)\microsoft visual studio 11.0\vc\include\string.h(110) : see declaration of 'strcpy'
     1>c:\users\james\documents\visual studio 2012\1x01 c fundamentals\1x01 c fundamentals\1x01 c fundamentals\_3x0b_user_defined_functions.cpp(155): warning C4996: 'strcpy': This function or variable may be unsafe. Consider using strcpy_s instead. To disable deprecation, use _CRT_SECURE_NO_WARNINGS. See online help for details.
                 c:\program files (x86)\microsoft visual studio 11.0\vc\include\string.h(110) : see declaration of 'strcpy'
     1>c:\users\james\documents\visual studio 2012\1x01 c fundamentals\1x01 c fundamentals\1x01 c fundamentals\_3x0b_user_defined_functions.cpp(156): warning C4996: 'strcpy': This function or variable may be unsafe. Consider using strcpy_s instead. To disable deprecation, use _CRT_SECURE_NO_WARNINGS. See online help for details.
                 c:\program files (x86)\microsoft visual studio 11.0\vc\include\string.h(110) : see declaration of 'strcpy'
     1>c:\users\james\documents\visual studio 2012\1x01 c fundamentals\1x01 c fundamentals\1x01 c fundamentals\_3x0b_user_defined_functions.cpp(160): warning C4996: 'strcpy': This function or variable may be unsafe. Consider using strcpy_s instead. To disable deprecation, use _CRT_SECURE_NO_WARNINGS. See online help for details.
                 c:\program files (x86)\microsoft visual studio 11.0\vc\include\string.h(110) : see declaration of 'strcpy'
     1>c:\users\james\documents\visual studio 2012\1x01 c fundamentals\1x01 c fundamentals\1x01 c fundamentals\_3x0b_user_defined_functions.cpp(161): warning C4996: 'strcpy': This function or variable may be unsafe. Consider using strcpy_s instead. To disable deprecation, use _CRT_SECURE_NO_WARNINGS. See online help for details.
                 c:\program files (x86)\microsoft visual studio 11.0\vc\include\string.h(110) : see declaration of 'strcpy'
     1>c:\users\james\documents\visual studio 2012\1x01 c fundamentals\1x01 c fundamentals\1x01 c fundamentals\_3x0b_user_defined_functions.cpp(166): warning C4996: 'strcpy': This function or variable may be unsafe. Consider using strcpy_s instead. To disable deprecation, use _CRT_SECURE_NO_WARNINGS. See online help for details.
                 c:\program files (x86)\microsoft visual studio 11.0\vc\include\string.h(110) : see declaration of 'strcpy'
     1>c:\users\james\documents\visual studio 2012\1x01 c fundamentals\1x01 c fundamentals\1x01 c fundamentals\_3x0b_user_defined_functions.cpp(167): warning C4996: 'strcpy': This function or variable may be unsafe. Consider using strcpy_s instead. To disable deprecation, use _CRT_SECURE_NO_WARNINGS. See online help for details.
                 c:\program files (x86)\microsoft visual studio 11.0\vc\include\string.h(110) : see declaration of 'strcpy'
     1>c:\users\james\documents\visual studio 2012\1x01 c fundamentals\1x01 c fundamentals\1x01 c fundamentals\_3x0b_user_defined_functions.cpp(171): warning C4996: 'strcpy': This function or variable may be unsafe. Consider using strcpy_s instead. To disable deprecation, use _CRT_SECURE_NO_WARNINGS. See online help for details.
                 c:\program files (x86)\microsoft visual studio 11.0\vc\include\string.h(110) : see declaration of 'strcpy'
     1>c:\users\james\documents\visual studio 2012\1x01 c fundamentals\1x01 c fundamentals\1x01 c fundamentals\_3x0b_user_defined_functions.cpp(172): warning C4996: 'strcpy': This function or variable may be unsafe. Consider using strcpy_s instead. To disable deprecation, use _CRT_SECURE_NO_WARNINGS. See online help for details.
                 c:\program files (x86)\microsoft visual studio 11.0\vc\include\string.h(110) : see declaration of 'strcpy'
     1>c:\users\james\documents\visual studio 2012\1x01 c fundamentals\1x01 c fundamentals\1x01 c fundamentals\_3x0b_user_defined_functions.cpp(176): warning C4996: 'strcpy': This function or variable may be unsafe. Consider using strcpy_s instead. To disable deprecation, use _CRT_SECURE_NO_WARNINGS. See online help for details.
                 c:\program files (x86)\microsoft visual studio 11.0\vc\include\string.h(110) : see declaration of 'strcpy'
     1>c:\users\james\documents\visual studio 2012\1x01 c fundamentals\1x01 c fundamentals\1x01 c fundamentals\_3x0b_user_defined_functions.cpp(177): warning C4996: 'strcpy': This function or variable may be unsafe. Consider using strcpy_s instead. To disable deprecation, use _CRT_SECURE_NO_WARNINGS. See online help for details.
                 c:\program files (x86)\microsoft visual studio 11.0\vc\include\string.h(110) : see declaration of 'strcpy'
     1>c:\users\james\documents\visual studio 2012\1x01 c fundamentals\1x01 c fundamentals\1x01 c fundamentals\_3x0b_user_defined_functions.cpp(184): warning C4996: 'strcpy': This function or variable may be unsafe. Consider using strcpy_s instead. To disable deprecation, use _CRT_SECURE_NO_WARNINGS. See online help for details.
                 c:\program files (x86)\microsoft visual studio 11.0\vc\include\string.h(110) : see declaration of 'strcpy'
     1>c:\users\james\documents\visual studio 2012\1x01 c fundamentals\1x01 c fundamentals\1x01 c fundamentals\_3x0b_user_defined_functions.cpp(185): warning C4996: 'strcpy': This function or variable may be unsafe. Consider using strcpy_s instead. To disable deprecation, use _CRT_SECURE_NO_WARNINGS. See online help for details.
                 c:\program files (x86)\microsoft visual studio 11.0\vc\include\string.h(110) : see declaration of 'strcpy'
     1>c:\users\james\documents\visual studio 2012\1x01 c fundamentals\1x01 c fundamentals\1x01 c fundamentals\_3x0b_user_defined_functions.cpp(189): warning C4996: 'strcpy': This function or variable may be unsafe. Consider using strcpy_s instead. To disable deprecation, use _CRT_SECURE_NO_WARNINGS. See online help for details.
                 c:\program files (x86)\microsoft visual studio 11.0\vc\include\string.h(110) : see declaration of 'strcpy'
     1>c:\users\james\documents\visual studio 2012\1x01 c fundamentals\1x01 c fundamentals\1x01 c fundamentals\_3x0b_user_defined_functions.cpp(190): warning C4996: 'strcpy': This function or variable may be unsafe. Consider using strcpy_s instead. To disable deprecation, use _CRT_SECURE_NO_WARNINGS. See online help for details.
                 c:\program files (x86)\microsoft visual studio 11.0\vc\include\string.h(110) : see declaration of 'strcpy'
     1>c:\users\james\documents\visual studio 2012\1x01 c fundamentals\1x01 c fundamentals\1x01 c fundamentals\_3x0b_user_defined_functions.cpp(194): warning C4996: 'strcpy': This function or variable may be unsafe. Consider using strcpy_s instead. To disable deprecation, use _CRT_SECURE_NO_WARNINGS. See online help for details.
                 c:\program files (x86)\microsoft visual studio 11.0\vc\include\string.h(110) : see declaration of 'strcpy'
     1>c:\users\james\documents\visual studio 2012\1x01 c fundamentals\1x01 c fundamentals\1x01 c fundamentals\_3x0b_user_defined_functions.cpp(195): warning C4996: 'strcpy': This function or variable may be unsafe. Consider using strcpy_s instead. To disable deprecation, use _CRT_SECURE_NO_WARNINGS. See online help for details.
                 c:\program files (x86)\microsoft visual studio 11.0\vc\include\string.h(110) : see declaration of 'strcpy'
     1>c:\users\james\documents\visual studio 2012\1x01 c fundamentals\1x01 c fundamentals\1x01 c fundamentals\_3x0b_user_defined_functions.cpp(200): warning C4996: 'strcpy': This function or variable may be unsafe. Consider using strcpy_s instead. To disable deprecation, use _CRT_SECURE_NO_WARNINGS. See online help for details.
                 c:\program files (x86)\microsoft visual studio 11.0\vc\include\string.h(110) : see declaration of 'strcpy'
     1>c:\users\james\documents\visual studio 2012\1x01 c fundamentals\1x01 c fundamentals\1x01 c fundamentals\_3x0b_user_defined_functions.cpp(201): warning C4996: 'strcpy': This function or variable may be unsafe. Consider using strcpy_s instead. To disable deprecation, use _CRT_SECURE_NO_WARNINGS. See online help for details.
                 c:\program files (x86)\microsoft visual studio 11.0\vc\include\string.h(110) : see declaration of 'strcpy'
     1>c:\users\james\documents\visual studio 2012\1x01 c fundamentals\1x01 c fundamentals\1x01 c fundamentals\_3x0b_user_defined_functions.cpp(205): warning C4996: 'strcpy': This function or variable may be unsafe. Consider using strcpy_s instead. To disable deprecation, use _CRT_SECURE_NO_WARNINGS. See online help for details.
                 c:\program files (x86)\microsoft visual studio 11.0\vc\include\string.h(110) : see declaration of 'strcpy'
     1>c:\users\james\documents\visual studio 2012\1x01 c fundamentals\1x01 c fundamentals\1x01 c fundamentals\_3x0b_user_defined_functions.cpp(206): warning C4996: 'strcpy': This function or variable may be unsafe. Consider using strcpy_s instead. To disable deprecation, use _CRT_SECURE_NO_WARNINGS. See online help for details.
                 c:\program files (x86)\microsoft visual studio 11.0\vc\include\string.h(110) : see declaration of 'strcpy'
     1>c:\users\james\documents\visual studio 2012\1x01 c fundamentals\1x01 c fundamentals\1x01 c fundamentals\_3x0b_user_defined_functions.cpp(296): warning C4996: 'strcpy': This function or variable may be unsafe. Consider using strcpy_s instead. To disable deprecation, use _CRT_SECURE_NO_WARNINGS. See online help for details.
                 c:\program files (x86)\microsoft visual studio 11.0\vc\include\string.h(110) : see declaration of 'strcpy'
     1>c:\users\james\documents\visual studio 2012\1x01 c fundamentals\1x01 c fundamentals\1x01 c fundamentals\_3x0b_user_defined_functions.cpp(305): warning C4996: 'strcpy': This function or variable may be unsafe. Consider using strcpy_s instead. To disable deprecation, use _CRT_SECURE_NO_WARNINGS. See online help for details.
                 c:\program files (x86)\microsoft visual studio 11.0\vc\include\string.h(110) : see declaration of 'strcpy'
     1>c:\users\james\documents\visual studio 2012\1x01 c fundamentals\1x01 c fundamentals\1x01 c fundamentals\_3x0b_user_defined_functions.cpp(319): warning C4996: 'strcpy': This function or variable may be unsafe. Consider using strcpy_s instead. To disable deprecation, use _CRT_SECURE_NO_WARNINGS. See online help for details.
                 c:\program files (x86)\microsoft visual studio 11.0\vc\include\string.h(110) : see declaration of 'strcpy'
     1>c:\users\james\documents\visual studio 2012\1x01 c fundamentals\1x01 c fundamentals\1x01 c fundamentals\_3x0b_user_defined_functions.cpp(327): warning C4996: 'strcpy': This function or variable may be unsafe. Consider using strcpy_s instead. To disable deprecation, use _CRT_SECURE_NO_WARNINGS. See online help for details.
                 c:\program files (x86)\microsoft visual studio 11.0\vc\include\string.h(110) : see declaration of 'strcpy'
     1>c:\users\james\documents\visual studio 2012\1x01 c fundamentals\1x01 c fundamentals\1x01 c fundamentals\_3x0b_user_defined_functions.cpp(333): warning C4996: 'strcpy': This function or variable may be unsafe. Consider using strcpy_s instead. To disable deprecation, use _CRT_SECURE_NO_WARNINGS. See online help for details.
                 c:\program files (x86)\microsoft visual studio 11.0\vc\include\string.h(110) : see declaration of 'strcpy'
     1>c:\users\james\documents\visual studio 2012\1x01 c fundamentals\1x01 c fundamentals\1x01 c fundamentals\_3x0b_user_defined_functions.cpp(339): warning C4996: 'strcpy': This function or variable may be unsafe. Consider using strcpy_s instead. To disable deprecation, use _CRT_SECURE_NO_WARNINGS. See online help for details.
                 c:\program files (x86)\microsoft visual studio 11.0\vc\include\string.h(110) : see declaration of 'strcpy'
     1>c:\users\james\documents\visual studio 2012\1x01 c fundamentals\1x01 c fundamentals\1x01 c fundamentals\_3x0b_user_defined_functions.cpp(345): warning C4996: 'strcpy': This function or variable may be unsafe. Consider using strcpy_s instead. To disable deprecation, use _CRT_SECURE_NO_WARNINGS. See online help for details.
                 c:\program files (x86)\microsoft visual studio 11.0\vc\include\string.h(110) : see declaration of 'strcpy'
     1>c:\users\james\documents\visual studio 2012\1x01 c fundamentals\1x01 c fundamentals\1x01 c fundamentals\_3x0b_user_defined_functions.cpp(351): warning C4996: 'strcpy': This function or variable may be unsafe. Consider using strcpy_s instead. To disable deprecation, use _CRT_SECURE_NO_WARNINGS. See online help for details.
                 c:\program files (x86)\microsoft visual studio 11.0\vc\include\string.h(110) : see declaration of 'strcpy'
     1>c:\users\james\documents\visual studio 2012\1x01 c fundamentals\1x01 c fundamentals\1x01 c fundamentals\_3x0b_user_defined_functions.cpp(357): warning C4996: 'strcpy': This function or variable may be unsafe. Consider using strcpy_s instead. To disable deprecation, use _CRT_SECURE_NO_WARNINGS. See online help for details.
                 c:\program files (x86)\microsoft visual studio 11.0\vc\include\string.h(110) : see declaration of 'strcpy'
     1>c:\users\james\documents\visual studio 2012\1x01 c fundamentals\1x01 c fundamentals\1x01 c fundamentals\_3x0b_user_defined_functions.cpp(447): warning C4018: '<' : signed/unsigned mismatch
     1>c:\users\james\documents\visual studio 2012\1x01 c fundamentals\1x01 c fundamentals\1x01 c fundamentals\_3x0b_user_defined_functions.cpp(462): warning C4018: '<' : signed/unsigned mismatch
     1>c:\users\james\documents\visual studio 2012\1x01 c fundamentals\1x01 c fundamentals\1x01 c fundamentals\_3x0b_user_defined_functions.cpp(544): warning C4996: 'scanf': This function or variable may be unsafe. Consider using scanf_s instead. To disable deprecation, use _CRT_SECURE_NO_WARNINGS. See online help for details.
                 c:\program files (x86)\microsoft visual studio 11.0\vc\include\stdio.h(290) : see declaration of 'scanf'
     1>c:\users\james\documents\visual studio 2012\1x01 c fundamentals\1x01 c fundamentals\1x01 c fundamentals\_3x0b_user_defined_functions.cpp(545): warning C4996: 'strncpy': This function or variable may be unsafe. Consider using strncpy_s instead. To disable deprecation, use _CRT_SECURE_NO_WARNINGS. See online help for details.
                 c:\program files (x86)\microsoft visual studio 11.0\vc\include\string.h(191) : see declaration of 'strncpy'
     1>c:\users\james\documents\visual studio 2012\1x01 c fundamentals\1x01 c fundamentals\1x01 c fundamentals\_3x0b_user_defined_functions.cpp(554): warning C4996: 'scanf': This function or variable may be unsafe. Consider using scanf_s instead. To disable deprecation, use _CRT_SECURE_NO_WARNINGS. See online help for details.
                 c:\program files (x86)\microsoft visual studio 11.0\vc\include\stdio.h(290) : see declaration of 'scanf'
     1>c:\users\james\documents\visual studio 2012\1x01 c fundamentals\1x01 c fundamentals\1x01 c fundamentals\_3x0b_user_defined_functions.cpp(626): warning C4996: 'strcpy': This function or variable may be unsafe. Consider using strcpy_s instead. To disable deprecation, use _CRT_SECURE_NO_WARNINGS. See online help for details.
                 c:\program files (x86)\microsoft visual studio 11.0\vc\include\string.h(110) : see declaration of 'strcpy'
     1>c:\users\james\documents\visual studio 2012\1x01 c fundamentals\1x01 c fundamentals\1x01 c fundamentals\_3x0b_user_defined_functions.cpp(628): warning C4996: 'sprintf': This function or variable may be unsafe. Consider using sprintf_s instead. To disable deprecation, use _CRT_SECURE_NO_WARNINGS. See online help for details.
                 c:\program files (x86)\microsoft visual studio 11.0\vc\include\stdio.h(357) : see declaration of 'sprintf'
     1>c:\users\james\documents\visual studio 2012\1x01 c fundamentals\1x01 c fundamentals\1x01 c fundamentals\_3x0b_user_defined_functions.cpp(629): warning C4996: 'strcat': This function or variable may be unsafe. Consider using strcat_s instead. To disable deprecation, use _CRT_SECURE_NO_WARNINGS. See online help for details.
                 c:\program files (x86)\microsoft visual studio 11.0\vc\include\string.h(115) : see declaration of 'strcat'
     1>c:\users\james\documents\visual studio 2012\1x01 c fundamentals\1x01 c fundamentals\1x01 c fundamentals\_3x0b_user_defined_functions.cpp(630): warning C4996: 'strcat': This function or variable may be unsafe. Consider using strcat_s instead. To disable deprecation, use _CRT_SECURE_NO_WARNINGS. See online help for details.
                 c:\program files (x86)\microsoft visual studio 11.0\vc\include\string.h(115) : see declaration of 'strcat'
     1>c:\users\james\documents\visual studio 2012\1x01 c fundamentals\1x01 c fundamentals\1x01 c fundamentals\_3x0b_user_defined_functions.cpp(633): warning C4996: 'scanf': This function or variable may be unsafe. Consider using scanf_s instead. To disable deprecation, use _CRT_SECURE_NO_WARNINGS. See online help for details.
                 c:\program files (x86)\microsoft visual studio 11.0\vc\include\stdio.h(290) : see declaration of 'scanf'
     1>c:\users\james\documents\visual studio 2012\1x01 c fundamentals\1x01 c fundamentals\1x01 c fundamentals\_3x0b_user_defined_functions.cpp(641): warning C4996: 'scanf': This function or variable may be unsafe. Consider using scanf_s instead. To disable deprecation, use _CRT_SECURE_NO_WARNINGS. See online help for details.
                 c:\program files (x86)\microsoft visual studio 11.0\vc\include\stdio.h(290) : see declaration of 'scanf'
         PointersStructures.cpp
         Generating Code...
       Link:
         C:\Program Files (x86)\Microsoft Visual Studio 11.0\VC\bin\link.exe /ERRORREPORT:PROMPT /OUT:"C:\Users\James\Documents\Visual Studio 2012\1x01 C Fundamentals\1x01 C Fundamentals\Debug\1x01 C Fundamentals.exe" /INCREMENTAL /NOLOGO kernel32.lib user32.lib gdi32.lib winspool.lib comdlg32.lib advapi32.lib shell32.lib ole32.lib oleaut32.lib uuid.lib odbc32.lib odbccp32.lib /MANIFEST /MANIFESTUAC:"level='asInvoker' uiAccess='false'" /manifest:embed /DEBUG /PDB:"C:\Users\James\Documents\Visual Studio 2012\1x01 C Fundamentals\1x01 C Fundamentals\Debug\1x01 C Fundamentals.pdb" /SUBSYSTEM:CONSOLE /TLBID:1 /DYNAMICBASE /NXCOMPAT /IMPLIB:"C:\Users\James\Documents\Visual Studio 2012\1x01 C Fundamentals\1x01 C Fundamentals\Debug\1x01 C Fundamentals.lib" /MACHINE:X86 "Debug\1x01 C Fundamentals.obj"
         Debug\PointersStructures.obj
         Debug\stdafx.obj
         Debug\_3x07_DynamicMemoryAllocation.obj
         Debug\_3x08_StringManipulations.obj
         Debug\_3x09_DataStructures.obj
         Debug\_2x00_MainMenu.obj
         Debug\_3x00_Hello_World.obj
         Debug\_3x01_Keywords.obj
         Debug\_3x02_HeaderFiles.obj
         Debug\_3x03_ControlStatements.obj
         Debug\_3x04_Operators.obj
         Debug\_3x05_CharMapping.obj
         Debug\_3x06_DataTypes.obj
         Debug\_3x0A_IOTests.obj
         Debug\_3x0B_User_Defined_Functions.obj
         Debug\_4x00_LinkedLists.obj
         Debug\_4x01_SingleLinkedListOfInts.obj
         Debug\_4x02_SingleLinkedListOfChar.obj
         Debug\_4x03_SingleLinkedListOfChars.obj
         1x01 C Fundamentals.vcxproj -> C:\Users\James\Documents\Visual Studio 2012\1x01 C Fundamentals\1x01 C Fundamentals\Debug\1x01 C Fundamentals.exe
     1>Done Building Project "C:\Users\James\Documents\Visual Studio 2012\1x01 C Fundamentals\1x01 C Fundamentals\1x01 C Fundamentals\1x01 C Fundamentals.vcxproj" (Build target(s)).

Build succeeded.

Time Elapsed 00:00:02.61
