C:\USERS\JAMES\DOCUMENTS\VISUAL STUDIO 2012\1X01 C FUNDAMENTALS\1X01 C FUNDAMENTALS\1X01 C FUNDAMENTALS\DEBUG\1X01 C FUNDAMENTALS.PCH
C:\USERS\JAMES\DOCUMENTS\VISUAL STUDIO 2012\1X01 C FUNDAMENTALS\1X01 C FUNDAMENTALS\1X01 C FUNDAMENTALS\DEBUG\STDAFX.OBJ
C:\USERS\JAMES\DOCUMENTS\VISUAL STUDIO 2012\1X01 C FUNDAMENTALS\1X01 C FUNDAMENTALS\1X01 C FUNDAMENTALS\DEBUG\VC110.PDB
C:\USERS\JAMES\DOCUMENTS\VISUAL STUDIO 2012\1X01 C FUNDAMENTALS\1X01 C FUNDAMENTALS\1X01 C FUNDAMENTALS\DEBUG\1X01 C FUNDAMENTALS.OBJ
C:\USERS\JAMES\DOCUMENTS\VISUAL STUDIO 2012\1X01 C FUNDAMENTALS\1X01 C FUNDAMENTALS\1X01 C FUNDAMENTALS\DEBUG\Z_0X0D_DYNAMICMEMORYALLOCATION.OBJ
C:\USERS\JAMES\DOCUMENTS\VISUAL STUDIO 2012\1X01 C FUNDAMENTALS\1X01 C FUNDAMENTALS\1X01 C FUNDAMENTALS\DEBUG\Z_0X0E_STRINGMANIPULATIONS.OBJ
C:\USERS\JAMES\DOCUMENTS\VISUAL STUDIO 2012\1X01 C FUNDAMENTALS\1X01 C FUNDAMENTALS\1X01 C FUNDAMENTALS\DEBUG\Z_0X11_DATASTRUCTURES.OBJ
C:\USERS\JAMES\DOCUMENTS\VISUAL STUDIO 2012\1X01 C FUNDAMENTALS\1X01 C FUNDAMENTALS\1X01 C FUNDAMENTALS\DEBUG\_2X00_MAINMENU.OBJ
C:\USERS\JAMES\DOCUMENTS\VISUAL STUDIO 2012\1X01 C FUNDAMENTALS\1X01 C FUNDAMENTALS\1X01 C FUNDAMENTALS\DEBUG\_3X00_HELLO_WORLD.OBJ
C:\USERS\JAMES\DOCUMENTS\VISUAL STUDIO 2012\1X01 C FUNDAMENTALS\1X01 C FUNDAMENTALS\1X01 C FUNDAMENTALS\DEBUG\_3X01_KEYWORDS.OBJ
C:\USERS\JAMES\DOCUMENTS\VISUAL STUDIO 2012\1X01 C FUNDAMENTALS\1X01 C FUNDAMENTALS\1X01 C FUNDAMENTALS\DEBUG\_3X02_HEADERFILES.OBJ
C:\USERS\JAMES\DOCUMENTS\VISUAL STUDIO 2012\1X01 C FUNDAMENTALS\1X01 C FUNDAMENTALS\1X01 C FUNDAMENTALS\DEBUG\_3X03_CONTROLSTATEMENTS.OBJ
C:\USERS\JAMES\DOCUMENTS\VISUAL STUDIO 2012\1X01 C FUNDAMENTALS\1X01 C FUNDAMENTALS\1X01 C FUNDAMENTALS\DEBUG\_3X04_OPERATORS.OBJ
C:\USERS\JAMES\DOCUMENTS\VISUAL STUDIO 2012\1X01 C FUNDAMENTALS\1X01 C FUNDAMENTALS\1X01 C FUNDAMENTALS\DEBUG\_3X05_CHARMAPPING.OBJ
C:\USERS\JAMES\DOCUMENTS\VISUAL STUDIO 2012\1X01 C FUNDAMENTALS\1X01 C FUNDAMENTALS\1X01 C FUNDAMENTALS\DEBUG\_3X06_DATATYPES.OBJ
C:\USERS\JAMES\DOCUMENTS\VISUAL STUDIO 2012\1X01 C FUNDAMENTALS\1X01 C FUNDAMENTALS\1X01 C FUNDAMENTALS\DEBUG\POINTERSSTRUCTURES.OBJ
C:\USERS\JAMES\DOCUMENTS\VISUAL STUDIO 2012\1X01 C FUNDAMENTALS\1X01 C FUNDAMENTALS\1X01 C FUNDAMENTALS\DEBUG\_3X07_DYNAMICMEMORYALLOCATION.OBJ
C:\USERS\JAMES\DOCUMENTS\VISUAL STUDIO 2012\1X01 C FUNDAMENTALS\1X01 C FUNDAMENTALS\1X01 C FUNDAMENTALS\DEBUG\_3X08_STRINGMANIPULATIONS.OBJ
C:\USERS\JAMES\DOCUMENTS\VISUAL STUDIO 2012\1X01 C FUNDAMENTALS\1X01 C FUNDAMENTALS\1X01 C FUNDAMENTALS\DEBUG\_3X09_DATASTRUCTURES.OBJ
C:\USERS\JAMES\DOCUMENTS\VISUAL STUDIO 2012\1X01 C FUNDAMENTALS\1X01 C FUNDAMENTALS\1X01 C FUNDAMENTALS\DEBUG\_4X00_SINGLELINKEDLIST.OBJ
C:\USERS\JAMES\DOCUMENTS\VISUAL STUDIO 2012\1X01 C FUNDAMENTALS\1X01 C FUNDAMENTALS\1X01 C FUNDAMENTALS\DEBUG\_3X0A_IOTESTS.OBJ
C:\USERS\JAMES\DOCUMENTS\VISUAL STUDIO 2012\1X01 C FUNDAMENTALS\1X01 C FUNDAMENTALS\1X01 C FUNDAMENTALS\DEBUG\_4X00_LINKEDLISTS.OBJ
C:\USERS\JAMES\DOCUMENTS\VISUAL STUDIO 2012\1X01 C FUNDAMENTALS\1X01 C FUNDAMENTALS\1X01 C FUNDAMENTALS\DEBUG\_4X01_SINGLELINKEDLISTOFINTS.OBJ
C:\USERS\JAMES\DOCUMENTS\VISUAL STUDIO 2012\1X01 C FUNDAMENTALS\1X01 C FUNDAMENTALS\1X01 C FUNDAMENTALS\DEBUG\_4X02_SINGLELINKEDLISTOFCHAR.OBJ
C:\USERS\JAMES\DOCUMENTS\VISUAL STUDIO 2012\1X01 C FUNDAMENTALS\1X01 C FUNDAMENTALS\1X01 C FUNDAMENTALS\DEBUG\_4X03_SINGLELINKEDLISTOFCHARS.OBJ
C:\USERS\JAMES\DOCUMENTS\VISUAL STUDIO 2012\1X01 C FUNDAMENTALS\1X01 C FUNDAMENTALS\1X01 C FUNDAMENTALS\DEBUG\_3X0B_USER_DEFINED_FUNCTIONS.OBJ
C:\USERS\JAMES\DOCUMENTS\VISUAL STUDIO 2012\1X01 C FUNDAMENTALS\1X01 C FUNDAMENTALS\DEBUG\1X01 C FUNDAMENTALS.ILK
C:\USERS\JAMES\DOCUMENTS\VISUAL STUDIO 2012\1X01 C FUNDAMENTALS\1X01 C FUNDAMENTALS\DEBUG\1X01 C FUNDAMENTALS.EXE
C:\USERS\JAMES\DOCUMENTS\VISUAL STUDIO 2012\1X01 C FUNDAMENTALS\1X01 C FUNDAMENTALS\DEBUG\1X01 C FUNDAMENTALS.PDB
C:\Users\James\Documents\Visual Studio 2012\1x01 C Fundamentals\1x01 C Fundamentals\1x01 C Fundamentals\Debug\1x01 C Fundamentals.obj
C:\Users\James\Documents\Visual Studio 2012\1x01 C Fundamentals\1x01 C Fundamentals\1x01 C Fundamentals\Debug\PointersStructures.obj
C:\Users\James\Documents\Visual Studio 2012\1x01 C Fundamentals\1x01 C Fundamentals\1x01 C Fundamentals\Debug\stdafx.obj
C:\Users\James\Documents\Visual Studio 2012\1x01 C Fundamentals\1x01 C Fundamentals\1x01 C Fundamentals\Debug\z_0x0D_DynamicMemoryAllocation.obj
C:\Users\James\Documents\Visual Studio 2012\1x01 C Fundamentals\1x01 C Fundamentals\1x01 C Fundamentals\Debug\z_0x0E_StringManipulations.obj
C:\Users\James\Documents\Visual Studio 2012\1x01 C Fundamentals\1x01 C Fundamentals\1x01 C Fundamentals\Debug\z_0x11_DataStructures.obj
C:\Users\James\Documents\Visual Studio 2012\1x01 C Fundamentals\1x01 C Fundamentals\1x01 C Fundamentals\Debug\_2x00_MainMenu.obj
C:\Users\James\Documents\Visual Studio 2012\1x01 C Fundamentals\1x01 C Fundamentals\1x01 C Fundamentals\Debug\_3x00_Hello_World.obj
C:\Users\James\Documents\Visual Studio 2012\1x01 C Fundamentals\1x01 C Fundamentals\1x01 C Fundamentals\Debug\_3x01_Keywords.obj
C:\Users\James\Documents\Visual Studio 2012\1x01 C Fundamentals\1x01 C Fundamentals\1x01 C Fundamentals\Debug\_3x02_HeaderFiles.obj
C:\Users\James\Documents\Visual Studio 2012\1x01 C Fundamentals\1x01 C Fundamentals\1x01 C Fundamentals\Debug\_3x03_ControlStatements.obj
C:\Users\James\Documents\Visual Studio 2012\1x01 C Fundamentals\1x01 C Fundamentals\1x01 C Fundamentals\Debug\_3x04_Operators.obj
C:\Users\James\Documents\Visual Studio 2012\1x01 C Fundamentals\1x01 C Fundamentals\1x01 C Fundamentals\Debug\_3x05_CharMapping.obj
C:\Users\James\Documents\Visual Studio 2012\1x01 C Fundamentals\1x01 C Fundamentals\1x01 C Fundamentals\Debug\_3x06_DataTypes.obj
C:\Users\James\Documents\Visual Studio 2012\1x01 C Fundamentals\1x01 C Fundamentals\1x01 C Fundamentals\Debug\_3x07_DynamicMemoryAllocation.obj
C:\Users\James\Documents\Visual Studio 2012\1x01 C Fundamentals\1x01 C Fundamentals\1x01 C Fundamentals\Debug\_3x08_StringManipulations.obj
C:\Users\James\Documents\Visual Studio 2012\1x01 C Fundamentals\1x01 C Fundamentals\1x01 C Fundamentals\Debug\_3x09_DataStructures.obj
C:\Users\James\Documents\Visual Studio 2012\1x01 C Fundamentals\1x01 C Fundamentals\1x01 C Fundamentals\Debug\_3x0A_IOTests.obj
C:\Users\James\Documents\Visual Studio 2012\1x01 C Fundamentals\1x01 C Fundamentals\1x01 C Fundamentals\Debug\_3x0B_User_Defined_Functions.obj
C:\Users\James\Documents\Visual Studio 2012\1x01 C Fundamentals\1x01 C Fundamentals\1x01 C Fundamentals\Debug\_4x00_LinkedLists.obj
C:\Users\James\Documents\Visual Studio 2012\1x01 C Fundamentals\1x01 C Fundamentals\1x01 C Fundamentals\Debug\_4x00_SingleLinkedList.obj
C:\Users\James\Documents\Visual Studio 2012\1x01 C Fundamentals\1x01 C Fundamentals\1x01 C Fundamentals\Debug\_4x01_SingleLinkedListOfInts.obj
C:\Users\James\Documents\Visual Studio 2012\1x01 C Fundamentals\1x01 C Fundamentals\1x01 C Fundamentals\Debug\_4x02_SingleLinkedListOfChar.obj
C:\Users\James\Documents\Visual Studio 2012\1x01 C Fundamentals\1x01 C Fundamentals\1x01 C Fundamentals\Debug\_4x03_SingleLinkedListOfChars.obj
C:\Users\James\Documents\Visual Studio 2012\1x01 C Fundamentals\1x01 C Fundamentals\1x01 C Fundamentals\Debug\cl.command.1.tlog
C:\Users\James\Documents\Visual Studio 2012\1x01 C Fundamentals\1x01 C Fundamentals\1x01 C Fundamentals\Debug\CL.read.1.tlog
C:\Users\James\Documents\Visual Studio 2012\1x01 C Fundamentals\1x01 C Fundamentals\1x01 C Fundamentals\Debug\CL.write.1.tlog
C:\Users\James\Documents\Visual Studio 2012\1x01 C Fundamentals\1x01 C Fundamentals\1x01 C Fundamentals\Debug\link-cvtres.read.1.tlog
C:\Users\James\Documents\Visual Studio 2012\1x01 C Fundamentals\1x01 C Fundamentals\1x01 C Fundamentals\Debug\link-cvtres.write.1.tlog
C:\Users\James\Documents\Visual Studio 2012\1x01 C Fundamentals\1x01 C Fundamentals\1x01 C Fundamentals\Debug\link-rc.read.1.tlog
C:\Users\James\Documents\Visual Studio 2012\1x01 C Fundamentals\1x01 C Fundamentals\1x01 C Fundamentals\Debug\link-rc.write.1.tlog
C:\Users\James\Documents\Visual Studio 2012\1x01 C Fundamentals\1x01 C Fundamentals\1x01 C Fundamentals\Debug\link.10348-cvtres.read.1.tlog
C:\Users\James\Documents\Visual Studio 2012\1x01 C Fundamentals\1x01 C Fundamentals\1x01 C Fundamentals\Debug\link.10348-cvtres.write.1.tlog
C:\Users\James\Documents\Visual Studio 2012\1x01 C Fundamentals\1x01 C Fundamentals\1x01 C Fundamentals\Debug\link.10348-rc.read.1.tlog
C:\Users\James\Documents\Visual Studio 2012\1x01 C Fundamentals\1x01 C Fundamentals\1x01 C Fundamentals\Debug\link.10348-rc.write.1.tlog
C:\Users\James\Documents\Visual Studio 2012\1x01 C Fundamentals\1x01 C Fundamentals\1x01 C Fundamentals\Debug\link.10348.read.1.tlog
C:\Users\James\Documents\Visual Studio 2012\1x01 C Fundamentals\1x01 C Fundamentals\1x01 C Fundamentals\Debug\link.10348.write.1.tlog
C:\Users\James\Documents\Visual Studio 2012\1x01 C Fundamentals\1x01 C Fundamentals\1x01 C Fundamentals\Debug\link.10420-cvtres.read.1.tlog
C:\Users\James\Documents\Visual Studio 2012\1x01 C Fundamentals\1x01 C Fundamentals\1x01 C Fundamentals\Debug\link.10420-cvtres.write.1.tlog
C:\Users\James\Documents\Visual Studio 2012\1x01 C Fundamentals\1x01 C Fundamentals\1x01 C Fundamentals\Debug\link.10420-rc.read.1.tlog
C:\Users\James\Documents\Visual Studio 2012\1x01 C Fundamentals\1x01 C Fundamentals\1x01 C Fundamentals\Debug\link.10420-rc.write.1.tlog
C:\Users\James\Documents\Visual Studio 2012\1x01 C Fundamentals\1x01 C Fundamentals\1x01 C Fundamentals\Debug\link.10420.read.1.tlog
C:\Users\James\Documents\Visual Studio 2012\1x01 C Fundamentals\1x01 C Fundamentals\1x01 C Fundamentals\Debug\link.10420.write.1.tlog
C:\Users\James\Documents\Visual Studio 2012\1x01 C Fundamentals\1x01 C Fundamentals\1x01 C Fundamentals\Debug\link.10456-cvtres.read.1.tlog
C:\Users\James\Documents\Visual Studio 2012\1x01 C Fundamentals\1x01 C Fundamentals\1x01 C Fundamentals\Debug\link.10456-cvtres.write.1.tlog
C:\Users\James\Documents\Visual Studio 2012\1x01 C Fundamentals\1x01 C Fundamentals\1x01 C Fundamentals\Debug\link.10456-rc.read.1.tlog
C:\Users\James\Documents\Visual Studio 2012\1x01 C Fundamentals\1x01 C Fundamentals\1x01 C Fundamentals\Debug\link.10456-rc.write.1.tlog
C:\Users\James\Documents\Visual Studio 2012\1x01 C Fundamentals\1x01 C Fundamentals\1x01 C Fundamentals\Debug\link.10456.read.1.tlog
C:\Users\James\Documents\Visual Studio 2012\1x01 C Fundamentals\1x01 C Fundamentals\1x01 C Fundamentals\Debug\link.10456.write.1.tlog
C:\Users\James\Documents\Visual Studio 2012\1x01 C Fundamentals\1x01 C Fundamentals\1x01 C Fundamentals\Debug\link.10672-cvtres.read.1.tlog
C:\Users\James\Documents\Visual Studio 2012\1x01 C Fundamentals\1x01 C Fundamentals\1x01 C Fundamentals\Debug\link.10672-cvtres.write.1.tlog
C:\Users\James\Documents\Visual Studio 2012\1x01 C Fundamentals\1x01 C Fundamentals\1x01 C Fundamentals\Debug\link.10672-rc.read.1.tlog
C:\Users\James\Documents\Visual Studio 2012\1x01 C Fundamentals\1x01 C Fundamentals\1x01 C Fundamentals\Debug\link.10672-rc.write.1.tlog
C:\Users\James\Documents\Visual Studio 2012\1x01 C Fundamentals\1x01 C Fundamentals\1x01 C Fundamentals\Debug\link.10672.read.1.tlog
C:\Users\James\Documents\Visual Studio 2012\1x01 C Fundamentals\1x01 C Fundamentals\1x01 C Fundamentals\Debug\link.10672.write.1.tlog
C:\Users\James\Documents\Visual Studio 2012\1x01 C Fundamentals\1x01 C Fundamentals\1x01 C Fundamentals\Debug\link.10980-cvtres.read.1.tlog
C:\Users\James\Documents\Visual Studio 2012\1x01 C Fundamentals\1x01 C Fundamentals\1x01 C Fundamentals\Debug\link.10980-cvtres.write.1.tlog
C:\Users\James\Documents\Visual Studio 2012\1x01 C Fundamentals\1x01 C Fundamentals\1x01 C Fundamentals\Debug\link.10980-rc.read.1.tlog
C:\Users\James\Documents\Visual Studio 2012\1x01 C Fundamentals\1x01 C Fundamentals\1x01 C Fundamentals\Debug\link.10980-rc.write.1.tlog
C:\Users\James\Documents\Visual Studio 2012\1x01 C Fundamentals\1x01 C Fundamentals\1x01 C Fundamentals\Debug\link.10980.read.1.tlog
C:\Users\James\Documents\Visual Studio 2012\1x01 C Fundamentals\1x01 C Fundamentals\1x01 C Fundamentals\Debug\link.10980.write.1.tlog
C:\Users\James\Documents\Visual Studio 2012\1x01 C Fundamentals\1x01 C Fundamentals\1x01 C Fundamentals\Debug\link.11016-cvtres.read.1.tlog
C:\Users\James\Documents\Visual Studio 2012\1x01 C Fundamentals\1x01 C Fundamentals\1x01 C Fundamentals\Debug\link.11016-cvtres.write.1.tlog
C:\Users\James\Documents\Visual Studio 2012\1x01 C Fundamentals\1x01 C Fundamentals\1x01 C Fundamentals\Debug\link.11016-rc.read.1.tlog
C:\Users\James\Documents\Visual Studio 2012\1x01 C Fundamentals\1x01 C Fundamentals\1x01 C Fundamentals\Debug\link.11016-rc.write.1.tlog
C:\Users\James\Documents\Visual Studio 2012\1x01 C Fundamentals\1x01 C Fundamentals\1x01 C Fundamentals\Debug\link.11016.read.1.tlog
C:\Users\James\Documents\Visual Studio 2012\1x01 C Fundamentals\1x01 C Fundamentals\1x01 C Fundamentals\Debug\link.11016.write.1.tlog
C:\Users\James\Documents\Visual Studio 2012\1x01 C Fundamentals\1x01 C Fundamentals\1x01 C Fundamentals\Debug\link.11184-cvtres.read.1.tlog
C:\Users\James\Documents\Visual Studio 2012\1x01 C Fundamentals\1x01 C Fundamentals\1x01 C Fundamentals\Debug\link.11184-cvtres.write.1.tlog
C:\Users\James\Documents\Visual Studio 2012\1x01 C Fundamentals\1x01 C Fundamentals\1x01 C Fundamentals\Debug\link.11184-rc.read.1.tlog
C:\Users\James\Documents\Visual Studio 2012\1x01 C Fundamentals\1x01 C Fundamentals\1x01 C Fundamentals\Debug\link.11184-rc.write.1.tlog
C:\Users\James\Documents\Visual Studio 2012\1x01 C Fundamentals\1x01 C Fundamentals\1x01 C Fundamentals\Debug\link.11184.read.1.tlog
C:\Users\James\Documents\Visual Studio 2012\1x01 C Fundamentals\1x01 C Fundamentals\1x01 C Fundamentals\Debug\link.11184.write.1.tlog
C:\Users\James\Documents\Visual Studio 2012\1x01 C Fundamentals\1x01 C Fundamentals\1x01 C Fundamentals\Debug\link.11424-cvtres.read.1.tlog
C:\Users\James\Documents\Visual Studio 2012\1x01 C Fundamentals\1x01 C Fundamentals\1x01 C Fundamentals\Debug\link.11424-cvtres.write.1.tlog
C:\Users\James\Documents\Visual Studio 2012\1x01 C Fundamentals\1x01 C Fundamentals\1x01 C Fundamentals\Debug\link.11424-rc.read.1.tlog
C:\Users\James\Documents\Visual Studio 2012\1x01 C Fundamentals\1x01 C Fundamentals\1x01 C Fundamentals\Debug\link.11424-rc.write.1.tlog
C:\Users\James\Documents\Visual Studio 2012\1x01 C Fundamentals\1x01 C Fundamentals\1x01 C Fundamentals\Debug\link.11424.read.1.tlog
C:\Users\James\Documents\Visual Studio 2012\1x01 C Fundamentals\1x01 C Fundamentals\1x01 C Fundamentals\Debug\link.11424.write.1.tlog
C:\Users\James\Documents\Visual Studio 2012\1x01 C Fundamentals\1x01 C Fundamentals\1x01 C Fundamentals\Debug\link.11468-cvtres.read.1.tlog
C:\Users\James\Documents\Visual Studio 2012\1x01 C Fundamentals\1x01 C Fundamentals\1x01 C Fundamentals\Debug\link.11468-cvtres.write.1.tlog
C:\Users\James\Documents\Visual Studio 2012\1x01 C Fundamentals\1x01 C Fundamentals\1x01 C Fundamentals\Debug\link.11468-rc.read.1.tlog
C:\Users\James\Documents\Visual Studio 2012\1x01 C Fundamentals\1x01 C Fundamentals\1x01 C Fundamentals\Debug\link.11468-rc.write.1.tlog
C:\Users\James\Documents\Visual Studio 2012\1x01 C Fundamentals\1x01 C Fundamentals\1x01 C Fundamentals\Debug\link.11468.read.1.tlog
C:\Users\James\Documents\Visual Studio 2012\1x01 C Fundamentals\1x01 C Fundamentals\1x01 C Fundamentals\Debug\link.11468.write.1.tlog
C:\Users\James\Documents\Visual Studio 2012\1x01 C Fundamentals\1x01 C Fundamentals\1x01 C Fundamentals\Debug\link.11496-cvtres.read.1.tlog
C:\Users\James\Documents\Visual Studio 2012\1x01 C Fundamentals\1x01 C Fundamentals\1x01 C Fundamentals\Debug\link.11496-cvtres.write.1.tlog
C:\Users\James\Documents\Visual Studio 2012\1x01 C Fundamentals\1x01 C Fundamentals\1x01 C Fundamentals\Debug\link.11496-rc.read.1.tlog
C:\Users\James\Documents\Visual Studio 2012\1x01 C Fundamentals\1x01 C Fundamentals\1x01 C Fundamentals\Debug\link.11496-rc.write.1.tlog
C:\Users\James\Documents\Visual Studio 2012\1x01 C Fundamentals\1x01 C Fundamentals\1x01 C Fundamentals\Debug\link.11496.read.1.tlog
C:\Users\James\Documents\Visual Studio 2012\1x01 C Fundamentals\1x01 C Fundamentals\1x01 C Fundamentals\Debug\link.11496.write.1.tlog
C:\Users\James\Documents\Visual Studio 2012\1x01 C Fundamentals\1x01 C Fundamentals\1x01 C Fundamentals\Debug\link.12208-cvtres.read.1.tlog
C:\Users\James\Documents\Visual Studio 2012\1x01 C Fundamentals\1x01 C Fundamentals\1x01 C Fundamentals\Debug\link.12208-cvtres.write.1.tlog
C:\Users\James\Documents\Visual Studio 2012\1x01 C Fundamentals\1x01 C Fundamentals\1x01 C Fundamentals\Debug\link.12208-rc.read.1.tlog
C:\Users\James\Documents\Visual Studio 2012\1x01 C Fundamentals\1x01 C Fundamentals\1x01 C Fundamentals\Debug\link.12208-rc.write.1.tlog
C:\Users\James\Documents\Visual Studio 2012\1x01 C Fundamentals\1x01 C Fundamentals\1x01 C Fundamentals\Debug\link.12208.read.1.tlog
C:\Users\James\Documents\Visual Studio 2012\1x01 C Fundamentals\1x01 C Fundamentals\1x01 C Fundamentals\Debug\link.12208.write.1.tlog
C:\Users\James\Documents\Visual Studio 2012\1x01 C Fundamentals\1x01 C Fundamentals\1x01 C Fundamentals\Debug\link.12244-cvtres.read.1.tlog
C:\Users\James\Documents\Visual Studio 2012\1x01 C Fundamentals\1x01 C Fundamentals\1x01 C Fundamentals\Debug\link.12244-cvtres.write.1.tlog
C:\Users\James\Documents\Visual Studio 2012\1x01 C Fundamentals\1x01 C Fundamentals\1x01 C Fundamentals\Debug\link.12244-rc.read.1.tlog
C:\Users\James\Documents\Visual Studio 2012\1x01 C Fundamentals\1x01 C Fundamentals\1x01 C Fundamentals\Debug\link.12244-rc.write.1.tlog
C:\Users\James\Documents\Visual Studio 2012\1x01 C Fundamentals\1x01 C Fundamentals\1x01 C Fundamentals\Debug\link.12244.read.1.tlog
C:\Users\James\Documents\Visual Studio 2012\1x01 C Fundamentals\1x01 C Fundamentals\1x01 C Fundamentals\Debug\link.12244.write.1.tlog
C:\Users\James\Documents\Visual Studio 2012\1x01 C Fundamentals\1x01 C Fundamentals\1x01 C Fundamentals\Debug\link.12652-cvtres.read.1.tlog
C:\Users\James\Documents\Visual Studio 2012\1x01 C Fundamentals\1x01 C Fundamentals\1x01 C Fundamentals\Debug\link.12652-cvtres.write.1.tlog
C:\Users\James\Documents\Visual Studio 2012\1x01 C Fundamentals\1x01 C Fundamentals\1x01 C Fundamentals\Debug\link.12652-rc.read.1.tlog
C:\Users\James\Documents\Visual Studio 2012\1x01 C Fundamentals\1x01 C Fundamentals\1x01 C Fundamentals\Debug\link.12652-rc.write.1.tlog
C:\Users\James\Documents\Visual Studio 2012\1x01 C Fundamentals\1x01 C Fundamentals\1x01 C Fundamentals\Debug\link.12652.read.1.tlog
C:\Users\James\Documents\Visual Studio 2012\1x01 C Fundamentals\1x01 C Fundamentals\1x01 C Fundamentals\Debug\link.12652.write.1.tlog
C:\Users\James\Documents\Visual Studio 2012\1x01 C Fundamentals\1x01 C Fundamentals\1x01 C Fundamentals\Debug\link.12944-cvtres.read.1.tlog
C:\Users\James\Documents\Visual Studio 2012\1x01 C Fundamentals\1x01 C Fundamentals\1x01 C Fundamentals\Debug\link.12944-cvtres.write.1.tlog
C:\Users\James\Documents\Visual Studio 2012\1x01 C Fundamentals\1x01 C Fundamentals\1x01 C Fundamentals\Debug\link.12944-rc.read.1.tlog
C:\Users\James\Documents\Visual Studio 2012\1x01 C Fundamentals\1x01 C Fundamentals\1x01 C Fundamentals\Debug\link.12944-rc.write.1.tlog
C:\Users\James\Documents\Visual Studio 2012\1x01 C Fundamentals\1x01 C Fundamentals\1x01 C Fundamentals\Debug\link.12944.read.1.tlog
C:\Users\James\Documents\Visual Studio 2012\1x01 C Fundamentals\1x01 C Fundamentals\1x01 C Fundamentals\Debug\link.12944.write.1.tlog
C:\Users\James\Documents\Visual Studio 2012\1x01 C Fundamentals\1x01 C Fundamentals\1x01 C Fundamentals\Debug\link.13232-cvtres.read.1.tlog
C:\Users\James\Documents\Visual Studio 2012\1x01 C Fundamentals\1x01 C Fundamentals\1x01 C Fundamentals\Debug\link.13232-cvtres.write.1.tlog
C:\Users\James\Documents\Visual Studio 2012\1x01 C Fundamentals\1x01 C Fundamentals\1x01 C Fundamentals\Debug\link.13232-rc.read.1.tlog
C:\Users\James\Documents\Visual Studio 2012\1x01 C Fundamentals\1x01 C Fundamentals\1x01 C Fundamentals\Debug\link.13232-rc.write.1.tlog
C:\Users\James\Documents\Visual Studio 2012\1x01 C Fundamentals\1x01 C Fundamentals\1x01 C Fundamentals\Debug\link.13232.read.1.tlog
C:\Users\James\Documents\Visual Studio 2012\1x01 C Fundamentals\1x01 C Fundamentals\1x01 C Fundamentals\Debug\link.13232.write.1.tlog
C:\Users\James\Documents\Visual Studio 2012\1x01 C Fundamentals\1x01 C Fundamentals\1x01 C Fundamentals\Debug\link.13332-cvtres.read.1.tlog
C:\Users\James\Documents\Visual Studio 2012\1x01 C Fundamentals\1x01 C Fundamentals\1x01 C Fundamentals\Debug\link.13332-cvtres.write.1.tlog
C:\Users\James\Documents\Visual Studio 2012\1x01 C Fundamentals\1x01 C Fundamentals\1x01 C Fundamentals\Debug\link.13332-rc.read.1.tlog
C:\Users\James\Documents\Visual Studio 2012\1x01 C Fundamentals\1x01 C Fundamentals\1x01 C Fundamentals\Debug\link.13332-rc.write.1.tlog
C:\Users\James\Documents\Visual Studio 2012\1x01 C Fundamentals\1x01 C Fundamentals\1x01 C Fundamentals\Debug\link.13332.read.1.tlog
C:\Users\James\Documents\Visual Studio 2012\1x01 C Fundamentals\1x01 C Fundamentals\1x01 C Fundamentals\Debug\link.13332.write.1.tlog
C:\Users\James\Documents\Visual Studio 2012\1x01 C Fundamentals\1x01 C Fundamentals\1x01 C Fundamentals\Debug\link.13508-cvtres.read.1.tlog
C:\Users\James\Documents\Visual Studio 2012\1x01 C Fundamentals\1x01 C Fundamentals\1x01 C Fundamentals\Debug\link.13508-cvtres.write.1.tlog
C:\Users\James\Documents\Visual Studio 2012\1x01 C Fundamentals\1x01 C Fundamentals\1x01 C Fundamentals\Debug\link.13508-rc.read.1.tlog
C:\Users\James\Documents\Visual Studio 2012\1x01 C Fundamentals\1x01 C Fundamentals\1x01 C Fundamentals\Debug\link.13508-rc.write.1.tlog
C:\Users\James\Documents\Visual Studio 2012\1x01 C Fundamentals\1x01 C Fundamentals\1x01 C Fundamentals\Debug\link.13508.read.1.tlog
C:\Users\James\Documents\Visual Studio 2012\1x01 C Fundamentals\1x01 C Fundamentals\1x01 C Fundamentals\Debug\link.13508.write.1.tlog
C:\Users\James\Documents\Visual Studio 2012\1x01 C Fundamentals\1x01 C Fundamentals\1x01 C Fundamentals\Debug\link.13516-cvtres.read.1.tlog
C:\Users\James\Documents\Visual Studio 2012\1x01 C Fundamentals\1x01 C Fundamentals\1x01 C Fundamentals\Debug\link.13516-cvtres.write.1.tlog
C:\Users\James\Documents\Visual Studio 2012\1x01 C Fundamentals\1x01 C Fundamentals\1x01 C Fundamentals\Debug\link.13516-rc.read.1.tlog
C:\Users\James\Documents\Visual Studio 2012\1x01 C Fundamentals\1x01 C Fundamentals\1x01 C Fundamentals\Debug\link.13516-rc.write.1.tlog
C:\Users\James\Documents\Visual Studio 2012\1x01 C Fundamentals\1x01 C Fundamentals\1x01 C Fundamentals\Debug\link.13516.read.1.tlog
C:\Users\James\Documents\Visual Studio 2012\1x01 C Fundamentals\1x01 C Fundamentals\1x01 C Fundamentals\Debug\link.13516.write.1.tlog
C:\Users\James\Documents\Visual Studio 2012\1x01 C Fundamentals\1x01 C Fundamentals\1x01 C Fundamentals\Debug\link.13556-cvtres.read.1.tlog
C:\Users\James\Documents\Visual Studio 2012\1x01 C Fundamentals\1x01 C Fundamentals\1x01 C Fundamentals\Debug\link.13556-cvtres.write.1.tlog
C:\Users\James\Documents\Visual Studio 2012\1x01 C Fundamentals\1x01 C Fundamentals\1x01 C Fundamentals\Debug\link.13556-rc.read.1.tlog
C:\Users\James\Documents\Visual Studio 2012\1x01 C Fundamentals\1x01 C Fundamentals\1x01 C Fundamentals\Debug\link.13556-rc.write.1.tlog
C:\Users\James\Documents\Visual Studio 2012\1x01 C Fundamentals\1x01 C Fundamentals\1x01 C Fundamentals\Debug\link.13556.read.1.tlog
C:\Users\James\Documents\Visual Studio 2012\1x01 C Fundamentals\1x01 C Fundamentals\1x01 C Fundamentals\Debug\link.13556.write.1.tlog
C:\Users\James\Documents\Visual Studio 2012\1x01 C Fundamentals\1x01 C Fundamentals\1x01 C Fundamentals\Debug\link.13800-cvtres.read.1.tlog
C:\Users\James\Documents\Visual Studio 2012\1x01 C Fundamentals\1x01 C Fundamentals\1x01 C Fundamentals\Debug\link.13800-cvtres.write.1.tlog
C:\Users\James\Documents\Visual Studio 2012\1x01 C Fundamentals\1x01 C Fundamentals\1x01 C Fundamentals\Debug\link.13800-rc.read.1.tlog
C:\Users\James\Documents\Visual Studio 2012\1x01 C Fundamentals\1x01 C Fundamentals\1x01 C Fundamentals\Debug\link.13800-rc.write.1.tlog
C:\Users\James\Documents\Visual Studio 2012\1x01 C Fundamentals\1x01 C Fundamentals\1x01 C Fundamentals\Debug\link.13800.read.1.tlog
C:\Users\James\Documents\Visual Studio 2012\1x01 C Fundamentals\1x01 C Fundamentals\1x01 C Fundamentals\Debug\link.13800.write.1.tlog
C:\Users\James\Documents\Visual Studio 2012\1x01 C Fundamentals\1x01 C Fundamentals\1x01 C Fundamentals\Debug\link.13864-cvtres.read.1.tlog
C:\Users\James\Documents\Visual Studio 2012\1x01 C Fundamentals\1x01 C Fundamentals\1x01 C Fundamentals\Debug\link.13864-cvtres.write.1.tlog
C:\Users\James\Documents\Visual Studio 2012\1x01 C Fundamentals\1x01 C Fundamentals\1x01 C Fundamentals\Debug\link.13864-rc.read.1.tlog
C:\Users\James\Documents\Visual Studio 2012\1x01 C Fundamentals\1x01 C Fundamentals\1x01 C Fundamentals\Debug\link.13864-rc.write.1.tlog
C:\Users\James\Documents\Visual Studio 2012\1x01 C Fundamentals\1x01 C Fundamentals\1x01 C Fundamentals\Debug\link.13864.read.1.tlog
C:\Users\James\Documents\Visual Studio 2012\1x01 C Fundamentals\1x01 C Fundamentals\1x01 C Fundamentals\Debug\link.13864.write.1.tlog
C:\Users\James\Documents\Visual Studio 2012\1x01 C Fundamentals\1x01 C Fundamentals\1x01 C Fundamentals\Debug\link.13900-cvtres.read.1.tlog
C:\Users\James\Documents\Visual Studio 2012\1x01 C Fundamentals\1x01 C Fundamentals\1x01 C Fundamentals\Debug\link.13900-cvtres.write.1.tlog
C:\Users\James\Documents\Visual Studio 2012\1x01 C Fundamentals\1x01 C Fundamentals\1x01 C Fundamentals\Debug\link.13900-rc.read.1.tlog
C:\Users\James\Documents\Visual Studio 2012\1x01 C Fundamentals\1x01 C Fundamentals\1x01 C Fundamentals\Debug\link.13900-rc.write.1.tlog
C:\Users\James\Documents\Visual Studio 2012\1x01 C Fundamentals\1x01 C Fundamentals\1x01 C Fundamentals\Debug\link.13900.read.1.tlog
C:\Users\James\Documents\Visual Studio 2012\1x01 C Fundamentals\1x01 C Fundamentals\1x01 C Fundamentals\Debug\link.13900.write.1.tlog
C:\Users\James\Documents\Visual Studio 2012\1x01 C Fundamentals\1x01 C Fundamentals\1x01 C Fundamentals\Debug\link.14116-cvtres.read.1.tlog
C:\Users\James\Documents\Visual Studio 2012\1x01 C Fundamentals\1x01 C Fundamentals\1x01 C Fundamentals\Debug\link.14116-cvtres.write.1.tlog
C:\Users\James\Documents\Visual Studio 2012\1x01 C Fundamentals\1x01 C Fundamentals\1x01 C Fundamentals\Debug\link.14116-rc.read.1.tlog
C:\Users\James\Documents\Visual Studio 2012\1x01 C Fundamentals\1x01 C Fundamentals\1x01 C Fundamentals\Debug\link.14116-rc.write.1.tlog
C:\Users\James\Documents\Visual Studio 2012\1x01 C Fundamentals\1x01 C Fundamentals\1x01 C Fundamentals\Debug\link.14116.read.1.tlog
C:\Users\James\Documents\Visual Studio 2012\1x01 C Fundamentals\1x01 C Fundamentals\1x01 C Fundamentals\Debug\link.14116.write.1.tlog
C:\Users\James\Documents\Visual Studio 2012\1x01 C Fundamentals\1x01 C Fundamentals\1x01 C Fundamentals\Debug\link.14160-cvtres.read.1.tlog
C:\Users\James\Documents\Visual Studio 2012\1x01 C Fundamentals\1x01 C Fundamentals\1x01 C Fundamentals\Debug\link.14160-cvtres.write.1.tlog
C:\Users\James\Documents\Visual Studio 2012\1x01 C Fundamentals\1x01 C Fundamentals\1x01 C Fundamentals\Debug\link.14160-rc.read.1.tlog
C:\Users\James\Documents\Visual Studio 2012\1x01 C Fundamentals\1x01 C Fundamentals\1x01 C Fundamentals\Debug\link.14160-rc.write.1.tlog
C:\Users\James\Documents\Visual Studio 2012\1x01 C Fundamentals\1x01 C Fundamentals\1x01 C Fundamentals\Debug\link.14160.read.1.tlog
C:\Users\James\Documents\Visual Studio 2012\1x01 C Fundamentals\1x01 C Fundamentals\1x01 C Fundamentals\Debug\link.14160.write.1.tlog
C:\Users\James\Documents\Visual Studio 2012\1x01 C Fundamentals\1x01 C Fundamentals\1x01 C Fundamentals\Debug\link.14192-cvtres.read.1.tlog
C:\Users\James\Documents\Visual Studio 2012\1x01 C Fundamentals\1x01 C Fundamentals\1x01 C Fundamentals\Debug\link.14192-cvtres.write.1.tlog
C:\Users\James\Documents\Visual Studio 2012\1x01 C Fundamentals\1x01 C Fundamentals\1x01 C Fundamentals\Debug\link.14192-rc.read.1.tlog
C:\Users\James\Documents\Visual Studio 2012\1x01 C Fundamentals\1x01 C Fundamentals\1x01 C Fundamentals\Debug\link.14192-rc.write.1.tlog
C:\Users\James\Documents\Visual Studio 2012\1x01 C Fundamentals\1x01 C Fundamentals\1x01 C Fundamentals\Debug\link.14192.read.1.tlog
C:\Users\James\Documents\Visual Studio 2012\1x01 C Fundamentals\1x01 C Fundamentals\1x01 C Fundamentals\Debug\link.14192.write.1.tlog
C:\Users\James\Documents\Visual Studio 2012\1x01 C Fundamentals\1x01 C Fundamentals\1x01 C Fundamentals\Debug\link.14452-cvtres.read.1.tlog
C:\Users\James\Documents\Visual Studio 2012\1x01 C Fundamentals\1x01 C Fundamentals\1x01 C Fundamentals\Debug\link.14452-cvtres.write.1.tlog
C:\Users\James\Documents\Visual Studio 2012\1x01 C Fundamentals\1x01 C Fundamentals\1x01 C Fundamentals\Debug\link.14452-rc.read.1.tlog
C:\Users\James\Documents\Visual Studio 2012\1x01 C Fundamentals\1x01 C Fundamentals\1x01 C Fundamentals\Debug\link.14452-rc.write.1.tlog
C:\Users\James\Documents\Visual Studio 2012\1x01 C Fundamentals\1x01 C Fundamentals\1x01 C Fundamentals\Debug\link.14452.read.1.tlog
C:\Users\James\Documents\Visual Studio 2012\1x01 C Fundamentals\1x01 C Fundamentals\1x01 C Fundamentals\Debug\link.14452.write.1.tlog
C:\Users\James\Documents\Visual Studio 2012\1x01 C Fundamentals\1x01 C Fundamentals\1x01 C Fundamentals\Debug\link.14544-cvtres.read.1.tlog
C:\Users\James\Documents\Visual Studio 2012\1x01 C Fundamentals\1x01 C Fundamentals\1x01 C Fundamentals\Debug\link.14544-cvtres.write.1.tlog
C:\Users\James\Documents\Visual Studio 2012\1x01 C Fundamentals\1x01 C Fundamentals\1x01 C Fundamentals\Debug\link.14544-rc.read.1.tlog
C:\Users\James\Documents\Visual Studio 2012\1x01 C Fundamentals\1x01 C Fundamentals\1x01 C Fundamentals\Debug\link.14544-rc.write.1.tlog
C:\Users\James\Documents\Visual Studio 2012\1x01 C Fundamentals\1x01 C Fundamentals\1x01 C Fundamentals\Debug\link.14544.read.1.tlog
C:\Users\James\Documents\Visual Studio 2012\1x01 C Fundamentals\1x01 C Fundamentals\1x01 C Fundamentals\Debug\link.14544.write.1.tlog
C:\Users\James\Documents\Visual Studio 2012\1x01 C Fundamentals\1x01 C Fundamentals\1x01 C Fundamentals\Debug\link.14824-cvtres.read.1.tlog
C:\Users\James\Documents\Visual Studio 2012\1x01 C Fundamentals\1x01 C Fundamentals\1x01 C Fundamentals\Debug\link.14824-cvtres.write.1.tlog
C:\Users\James\Documents\Visual Studio 2012\1x01 C Fundamentals\1x01 C Fundamentals\1x01 C Fundamentals\Debug\link.14824-rc.read.1.tlog
C:\Users\James\Documents\Visual Studio 2012\1x01 C Fundamentals\1x01 C Fundamentals\1x01 C Fundamentals\Debug\link.14824-rc.write.1.tlog
C:\Users\James\Documents\Visual Studio 2012\1x01 C Fundamentals\1x01 C Fundamentals\1x01 C Fundamentals\Debug\link.14824.read.1.tlog
C:\Users\James\Documents\Visual Studio 2012\1x01 C Fundamentals\1x01 C Fundamentals\1x01 C Fundamentals\Debug\link.14824.write.1.tlog
C:\Users\James\Documents\Visual Studio 2012\1x01 C Fundamentals\1x01 C Fundamentals\1x01 C Fundamentals\Debug\link.14860-cvtres.read.1.tlog
C:\Users\James\Documents\Visual Studio 2012\1x01 C Fundamentals\1x01 C Fundamentals\1x01 C Fundamentals\Debug\link.14860-cvtres.write.1.tlog
C:\Users\James\Documents\Visual Studio 2012\1x01 C Fundamentals\1x01 C Fundamentals\1x01 C Fundamentals\Debug\link.14860-rc.read.1.tlog
C:\Users\James\Documents\Visual Studio 2012\1x01 C Fundamentals\1x01 C Fundamentals\1x01 C Fundamentals\Debug\link.14860-rc.write.1.tlog
C:\Users\James\Documents\Visual Studio 2012\1x01 C Fundamentals\1x01 C Fundamentals\1x01 C Fundamentals\Debug\link.14860.read.1.tlog
C:\Users\James\Documents\Visual Studio 2012\1x01 C Fundamentals\1x01 C Fundamentals\1x01 C Fundamentals\Debug\link.14860.write.1.tlog
C:\Users\James\Documents\Visual Studio 2012\1x01 C Fundamentals\1x01 C Fundamentals\1x01 C Fundamentals\Debug\link.14896-cvtres.read.1.tlog
C:\Users\James\Documents\Visual Studio 2012\1x01 C Fundamentals\1x01 C Fundamentals\1x01 C Fundamentals\Debug\link.14896-cvtres.write.1.tlog
C:\Users\James\Documents\Visual Studio 2012\1x01 C Fundamentals\1x01 C Fundamentals\1x01 C Fundamentals\Debug\link.14896-rc.read.1.tlog
C:\Users\James\Documents\Visual Studio 2012\1x01 C Fundamentals\1x01 C Fundamentals\1x01 C Fundamentals\Debug\link.14896-rc.write.1.tlog
C:\Users\James\Documents\Visual Studio 2012\1x01 C Fundamentals\1x01 C Fundamentals\1x01 C Fundamentals\Debug\link.14896.read.1.tlog
C:\Users\James\Documents\Visual Studio 2012\1x01 C Fundamentals\1x01 C Fundamentals\1x01 C Fundamentals\Debug\link.14896.write.1.tlog
C:\Users\James\Documents\Visual Studio 2012\1x01 C Fundamentals\1x01 C Fundamentals\1x01 C Fundamentals\Debug\link.15008-cvtres.read.1.tlog
C:\Users\James\Documents\Visual Studio 2012\1x01 C Fundamentals\1x01 C Fundamentals\1x01 C Fundamentals\Debug\link.15008-cvtres.write.1.tlog
C:\Users\James\Documents\Visual Studio 2012\1x01 C Fundamentals\1x01 C Fundamentals\1x01 C Fundamentals\Debug\link.15008-rc.read.1.tlog
C:\Users\James\Documents\Visual Studio 2012\1x01 C Fundamentals\1x01 C Fundamentals\1x01 C Fundamentals\Debug\link.15008-rc.write.1.tlog
C:\Users\James\Documents\Visual Studio 2012\1x01 C Fundamentals\1x01 C Fundamentals\1x01 C Fundamentals\Debug\link.15008.read.1.tlog
C:\Users\James\Documents\Visual Studio 2012\1x01 C Fundamentals\1x01 C Fundamentals\1x01 C Fundamentals\Debug\link.15008.write.1.tlog
C:\Users\James\Documents\Visual Studio 2012\1x01 C Fundamentals\1x01 C Fundamentals\1x01 C Fundamentals\Debug\link.15296-cvtres.read.1.tlog
C:\Users\James\Documents\Visual Studio 2012\1x01 C Fundamentals\1x01 C Fundamentals\1x01 C Fundamentals\Debug\link.15296-cvtres.write.1.tlog
C:\Users\James\Documents\Visual Studio 2012\1x01 C Fundamentals\1x01 C Fundamentals\1x01 C Fundamentals\Debug\link.15296-rc.read.1.tlog
C:\Users\James\Documents\Visual Studio 2012\1x01 C Fundamentals\1x01 C Fundamentals\1x01 C Fundamentals\Debug\link.15296-rc.write.1.tlog
C:\Users\James\Documents\Visual Studio 2012\1x01 C Fundamentals\1x01 C Fundamentals\1x01 C Fundamentals\Debug\link.15296.read.1.tlog
C:\Users\James\Documents\Visual Studio 2012\1x01 C Fundamentals\1x01 C Fundamentals\1x01 C Fundamentals\Debug\link.15296.write.1.tlog
C:\Users\James\Documents\Visual Studio 2012\1x01 C Fundamentals\1x01 C Fundamentals\1x01 C Fundamentals\Debug\link.17176-cvtres.read.1.tlog
C:\Users\James\Documents\Visual Studio 2012\1x01 C Fundamentals\1x01 C Fundamentals\1x01 C Fundamentals\Debug\link.17176-cvtres.write.1.tlog
C:\Users\James\Documents\Visual Studio 2012\1x01 C Fundamentals\1x01 C Fundamentals\1x01 C Fundamentals\Debug\link.17176-rc.read.1.tlog
C:\Users\James\Documents\Visual Studio 2012\1x01 C Fundamentals\1x01 C Fundamentals\1x01 C Fundamentals\Debug\link.17176-rc.write.1.tlog
C:\Users\James\Documents\Visual Studio 2012\1x01 C Fundamentals\1x01 C Fundamentals\1x01 C Fundamentals\Debug\link.17176.read.1.tlog
C:\Users\James\Documents\Visual Studio 2012\1x01 C Fundamentals\1x01 C Fundamentals\1x01 C Fundamentals\Debug\link.17176.write.1.tlog
C:\Users\James\Documents\Visual Studio 2012\1x01 C Fundamentals\1x01 C Fundamentals\1x01 C Fundamentals\Debug\link.2076-cvtres.read.1.tlog
C:\Users\James\Documents\Visual Studio 2012\1x01 C Fundamentals\1x01 C Fundamentals\1x01 C Fundamentals\Debug\link.2076-cvtres.write.1.tlog
C:\Users\James\Documents\Visual Studio 2012\1x01 C Fundamentals\1x01 C Fundamentals\1x01 C Fundamentals\Debug\link.2076-rc.read.1.tlog
C:\Users\James\Documents\Visual Studio 2012\1x01 C Fundamentals\1x01 C Fundamentals\1x01 C Fundamentals\Debug\link.2076-rc.write.1.tlog
C:\Users\James\Documents\Visual Studio 2012\1x01 C Fundamentals\1x01 C Fundamentals\1x01 C Fundamentals\Debug\link.2076.read.1.tlog
C:\Users\James\Documents\Visual Studio 2012\1x01 C Fundamentals\1x01 C Fundamentals\1x01 C Fundamentals\Debug\link.2076.write.1.tlog
C:\Users\James\Documents\Visual Studio 2012\1x01 C Fundamentals\1x01 C Fundamentals\1x01 C Fundamentals\Debug\link.2472-cvtres.read.1.tlog
C:\Users\James\Documents\Visual Studio 2012\1x01 C Fundamentals\1x01 C Fundamentals\1x01 C Fundamentals\Debug\link.2472-cvtres.write.1.tlog
C:\Users\James\Documents\Visual Studio 2012\1x01 C Fundamentals\1x01 C Fundamentals\1x01 C Fundamentals\Debug\link.2472-rc.read.1.tlog
C:\Users\James\Documents\Visual Studio 2012\1x01 C Fundamentals\1x01 C Fundamentals\1x01 C Fundamentals\Debug\link.2472-rc.write.1.tlog
C:\Users\James\Documents\Visual Studio 2012\1x01 C Fundamentals\1x01 C Fundamentals\1x01 C Fundamentals\Debug\link.2472.read.1.tlog
C:\Users\James\Documents\Visual Studio 2012\1x01 C Fundamentals\1x01 C Fundamentals\1x01 C Fundamentals\Debug\link.2472.write.1.tlog
C:\Users\James\Documents\Visual Studio 2012\1x01 C Fundamentals\1x01 C Fundamentals\1x01 C Fundamentals\Debug\link.2928-cvtres.read.1.tlog
C:\Users\James\Documents\Visual Studio 2012\1x01 C Fundamentals\1x01 C Fundamentals\1x01 C Fundamentals\Debug\link.2928-cvtres.write.1.tlog
C:\Users\James\Documents\Visual Studio 2012\1x01 C Fundamentals\1x01 C Fundamentals\1x01 C Fundamentals\Debug\link.2928-rc.read.1.tlog
C:\Users\James\Documents\Visual Studio 2012\1x01 C Fundamentals\1x01 C Fundamentals\1x01 C Fundamentals\Debug\link.2928-rc.write.1.tlog
C:\Users\James\Documents\Visual Studio 2012\1x01 C Fundamentals\1x01 C Fundamentals\1x01 C Fundamentals\Debug\link.2928.read.1.tlog
C:\Users\James\Documents\Visual Studio 2012\1x01 C Fundamentals\1x01 C Fundamentals\1x01 C Fundamentals\Debug\link.2928.write.1.tlog
C:\Users\James\Documents\Visual Studio 2012\1x01 C Fundamentals\1x01 C Fundamentals\1x01 C Fundamentals\Debug\link.3224-cvtres.read.1.tlog
C:\Users\James\Documents\Visual Studio 2012\1x01 C Fundamentals\1x01 C Fundamentals\1x01 C Fundamentals\Debug\link.3224-cvtres.write.1.tlog
C:\Users\James\Documents\Visual Studio 2012\1x01 C Fundamentals\1x01 C Fundamentals\1x01 C Fundamentals\Debug\link.3224-rc.read.1.tlog
C:\Users\James\Documents\Visual Studio 2012\1x01 C Fundamentals\1x01 C Fundamentals\1x01 C Fundamentals\Debug\link.3224-rc.write.1.tlog
C:\Users\James\Documents\Visual Studio 2012\1x01 C Fundamentals\1x01 C Fundamentals\1x01 C Fundamentals\Debug\link.3224.read.1.tlog
C:\Users\James\Documents\Visual Studio 2012\1x01 C Fundamentals\1x01 C Fundamentals\1x01 C Fundamentals\Debug\link.3224.write.1.tlog
C:\Users\James\Documents\Visual Studio 2012\1x01 C Fundamentals\1x01 C Fundamentals\1x01 C Fundamentals\Debug\link.3608-cvtres.read.1.tlog
C:\Users\James\Documents\Visual Studio 2012\1x01 C Fundamentals\1x01 C Fundamentals\1x01 C Fundamentals\Debug\link.3608-cvtres.write.1.tlog
C:\Users\James\Documents\Visual Studio 2012\1x01 C Fundamentals\1x01 C Fundamentals\1x01 C Fundamentals\Debug\link.3608-rc.read.1.tlog
C:\Users\James\Documents\Visual Studio 2012\1x01 C Fundamentals\1x01 C Fundamentals\1x01 C Fundamentals\Debug\link.3608-rc.write.1.tlog
C:\Users\James\Documents\Visual Studio 2012\1x01 C Fundamentals\1x01 C Fundamentals\1x01 C Fundamentals\Debug\link.3608.read.1.tlog
C:\Users\James\Documents\Visual Studio 2012\1x01 C Fundamentals\1x01 C Fundamentals\1x01 C Fundamentals\Debug\link.3608.write.1.tlog
C:\Users\James\Documents\Visual Studio 2012\1x01 C Fundamentals\1x01 C Fundamentals\1x01 C Fundamentals\Debug\link.3756-cvtres.read.1.tlog
C:\Users\James\Documents\Visual Studio 2012\1x01 C Fundamentals\1x01 C Fundamentals\1x01 C Fundamentals\Debug\link.3756-cvtres.write.1.tlog
C:\Users\James\Documents\Visual Studio 2012\1x01 C Fundamentals\1x01 C Fundamentals\1x01 C Fundamentals\Debug\link.3756-rc.read.1.tlog
C:\Users\James\Documents\Visual Studio 2012\1x01 C Fundamentals\1x01 C Fundamentals\1x01 C Fundamentals\Debug\link.3756-rc.write.1.tlog
C:\Users\James\Documents\Visual Studio 2012\1x01 C Fundamentals\1x01 C Fundamentals\1x01 C Fundamentals\Debug\link.3756.read.1.tlog
C:\Users\James\Documents\Visual Studio 2012\1x01 C Fundamentals\1x01 C Fundamentals\1x01 C Fundamentals\Debug\link.3756.write.1.tlog
C:\Users\James\Documents\Visual Studio 2012\1x01 C Fundamentals\1x01 C Fundamentals\1x01 C Fundamentals\Debug\link.3876-cvtres.read.1.tlog
C:\Users\James\Documents\Visual Studio 2012\1x01 C Fundamentals\1x01 C Fundamentals\1x01 C Fundamentals\Debug\link.3876-cvtres.write.1.tlog
C:\Users\James\Documents\Visual Studio 2012\1x01 C Fundamentals\1x01 C Fundamentals\1x01 C Fundamentals\Debug\link.3876-rc.read.1.tlog
C:\Users\James\Documents\Visual Studio 2012\1x01 C Fundamentals\1x01 C Fundamentals\1x01 C Fundamentals\Debug\link.3876-rc.write.1.tlog
C:\Users\James\Documents\Visual Studio 2012\1x01 C Fundamentals\1x01 C Fundamentals\1x01 C Fundamentals\Debug\link.3876.read.1.tlog
C:\Users\James\Documents\Visual Studio 2012\1x01 C Fundamentals\1x01 C Fundamentals\1x01 C Fundamentals\Debug\link.3876.write.1.tlog
C:\Users\James\Documents\Visual Studio 2012\1x01 C Fundamentals\1x01 C Fundamentals\1x01 C Fundamentals\Debug\link.4024-cvtres.read.1.tlog
C:\Users\James\Documents\Visual Studio 2012\1x01 C Fundamentals\1x01 C Fundamentals\1x01 C Fundamentals\Debug\link.4024-cvtres.write.1.tlog
C:\Users\James\Documents\Visual Studio 2012\1x01 C Fundamentals\1x01 C Fundamentals\1x01 C Fundamentals\Debug\link.4024-rc.read.1.tlog
C:\Users\James\Documents\Visual Studio 2012\1x01 C Fundamentals\1x01 C Fundamentals\1x01 C Fundamentals\Debug\link.4024-rc.write.1.tlog
C:\Users\James\Documents\Visual Studio 2012\1x01 C Fundamentals\1x01 C Fundamentals\1x01 C Fundamentals\Debug\link.4024.read.1.tlog
C:\Users\James\Documents\Visual Studio 2012\1x01 C Fundamentals\1x01 C Fundamentals\1x01 C Fundamentals\Debug\link.4024.write.1.tlog
C:\Users\James\Documents\Visual Studio 2012\1x01 C Fundamentals\1x01 C Fundamentals\1x01 C Fundamentals\Debug\link.4772-cvtres.read.1.tlog
C:\Users\James\Documents\Visual Studio 2012\1x01 C Fundamentals\1x01 C Fundamentals\1x01 C Fundamentals\Debug\link.4772-cvtres.write.1.tlog
C:\Users\James\Documents\Visual Studio 2012\1x01 C Fundamentals\1x01 C Fundamentals\1x01 C Fundamentals\Debug\link.4772-rc.read.1.tlog
C:\Users\James\Documents\Visual Studio 2012\1x01 C Fundamentals\1x01 C Fundamentals\1x01 C Fundamentals\Debug\link.4772-rc.write.1.tlog
C:\Users\James\Documents\Visual Studio 2012\1x01 C Fundamentals\1x01 C Fundamentals\1x01 C Fundamentals\Debug\link.4772.read.1.tlog
C:\Users\James\Documents\Visual Studio 2012\1x01 C Fundamentals\1x01 C Fundamentals\1x01 C Fundamentals\Debug\link.4772.write.1.tlog
C:\Users\James\Documents\Visual Studio 2012\1x01 C Fundamentals\1x01 C Fundamentals\1x01 C Fundamentals\Debug\link.5796-cvtres.read.1.tlog
C:\Users\James\Documents\Visual Studio 2012\1x01 C Fundamentals\1x01 C Fundamentals\1x01 C Fundamentals\Debug\link.5796-cvtres.write.1.tlog
C:\Users\James\Documents\Visual Studio 2012\1x01 C Fundamentals\1x01 C Fundamentals\1x01 C Fundamentals\Debug\link.5796-rc.read.1.tlog
C:\Users\James\Documents\Visual Studio 2012\1x01 C Fundamentals\1x01 C Fundamentals\1x01 C Fundamentals\Debug\link.5796-rc.write.1.tlog
C:\Users\James\Documents\Visual Studio 2012\1x01 C Fundamentals\1x01 C Fundamentals\1x01 C Fundamentals\Debug\link.5796.read.1.tlog
C:\Users\James\Documents\Visual Studio 2012\1x01 C Fundamentals\1x01 C Fundamentals\1x01 C Fundamentals\Debug\link.5796.write.1.tlog
C:\Users\James\Documents\Visual Studio 2012\1x01 C Fundamentals\1x01 C Fundamentals\1x01 C Fundamentals\Debug\link.6356-cvtres.read.1.tlog
C:\Users\James\Documents\Visual Studio 2012\1x01 C Fundamentals\1x01 C Fundamentals\1x01 C Fundamentals\Debug\link.6356-cvtres.write.1.tlog
C:\Users\James\Documents\Visual Studio 2012\1x01 C Fundamentals\1x01 C Fundamentals\1x01 C Fundamentals\Debug\link.6356-rc.read.1.tlog
C:\Users\James\Documents\Visual Studio 2012\1x01 C Fundamentals\1x01 C Fundamentals\1x01 C Fundamentals\Debug\link.6356-rc.write.1.tlog
C:\Users\James\Documents\Visual Studio 2012\1x01 C Fundamentals\1x01 C Fundamentals\1x01 C Fundamentals\Debug\link.6356.read.1.tlog
C:\Users\James\Documents\Visual Studio 2012\1x01 C Fundamentals\1x01 C Fundamentals\1x01 C Fundamentals\Debug\link.6356.write.1.tlog
C:\Users\James\Documents\Visual Studio 2012\1x01 C Fundamentals\1x01 C Fundamentals\1x01 C Fundamentals\Debug\link.652-cvtres.read.1.tlog
C:\Users\James\Documents\Visual Studio 2012\1x01 C Fundamentals\1x01 C Fundamentals\1x01 C Fundamentals\Debug\link.652-cvtres.write.1.tlog
C:\Users\James\Documents\Visual Studio 2012\1x01 C Fundamentals\1x01 C Fundamentals\1x01 C Fundamentals\Debug\link.652-rc.read.1.tlog
C:\Users\James\Documents\Visual Studio 2012\1x01 C Fundamentals\1x01 C Fundamentals\1x01 C Fundamentals\Debug\link.652-rc.write.1.tlog
C:\Users\James\Documents\Visual Studio 2012\1x01 C Fundamentals\1x01 C Fundamentals\1x01 C Fundamentals\Debug\link.652.read.1.tlog
C:\Users\James\Documents\Visual Studio 2012\1x01 C Fundamentals\1x01 C Fundamentals\1x01 C Fundamentals\Debug\link.652.write.1.tlog
C:\Users\James\Documents\Visual Studio 2012\1x01 C Fundamentals\1x01 C Fundamentals\1x01 C Fundamentals\Debug\link.6544-cvtres.read.1.tlog
C:\Users\James\Documents\Visual Studio 2012\1x01 C Fundamentals\1x01 C Fundamentals\1x01 C Fundamentals\Debug\link.6544-cvtres.write.1.tlog
C:\Users\James\Documents\Visual Studio 2012\1x01 C Fundamentals\1x01 C Fundamentals\1x01 C Fundamentals\Debug\link.6544-rc.read.1.tlog
C:\Users\James\Documents\Visual Studio 2012\1x01 C Fundamentals\1x01 C Fundamentals\1x01 C Fundamentals\Debug\link.6544-rc.write.1.tlog
C:\Users\James\Documents\Visual Studio 2012\1x01 C Fundamentals\1x01 C Fundamentals\1x01 C Fundamentals\Debug\link.6544.read.1.tlog
C:\Users\James\Documents\Visual Studio 2012\1x01 C Fundamentals\1x01 C Fundamentals\1x01 C Fundamentals\Debug\link.6544.write.1.tlog
C:\Users\James\Documents\Visual Studio 2012\1x01 C Fundamentals\1x01 C Fundamentals\1x01 C Fundamentals\Debug\link.6656-cvtres.read.1.tlog
C:\Users\James\Documents\Visual Studio 2012\1x01 C Fundamentals\1x01 C Fundamentals\1x01 C Fundamentals\Debug\link.6656-cvtres.write.1.tlog
C:\Users\James\Documents\Visual Studio 2012\1x01 C Fundamentals\1x01 C Fundamentals\1x01 C Fundamentals\Debug\link.6656-rc.read.1.tlog
C:\Users\James\Documents\Visual Studio 2012\1x01 C Fundamentals\1x01 C Fundamentals\1x01 C Fundamentals\Debug\link.6656-rc.write.1.tlog
C:\Users\James\Documents\Visual Studio 2012\1x01 C Fundamentals\1x01 C Fundamentals\1x01 C Fundamentals\Debug\link.6656.read.1.tlog
C:\Users\James\Documents\Visual Studio 2012\1x01 C Fundamentals\1x01 C Fundamentals\1x01 C Fundamentals\Debug\link.6656.write.1.tlog
C:\Users\James\Documents\Visual Studio 2012\1x01 C Fundamentals\1x01 C Fundamentals\1x01 C Fundamentals\Debug\link.7920-cvtres.read.1.tlog
C:\Users\James\Documents\Visual Studio 2012\1x01 C Fundamentals\1x01 C Fundamentals\1x01 C Fundamentals\Debug\link.7920-cvtres.write.1.tlog
C:\Users\James\Documents\Visual Studio 2012\1x01 C Fundamentals\1x01 C Fundamentals\1x01 C Fundamentals\Debug\link.7920-rc.read.1.tlog
C:\Users\James\Documents\Visual Studio 2012\1x01 C Fundamentals\1x01 C Fundamentals\1x01 C Fundamentals\Debug\link.7920-rc.write.1.tlog
C:\Users\James\Documents\Visual Studio 2012\1x01 C Fundamentals\1x01 C Fundamentals\1x01 C Fundamentals\Debug\link.7920.read.1.tlog
C:\Users\James\Documents\Visual Studio 2012\1x01 C Fundamentals\1x01 C Fundamentals\1x01 C Fundamentals\Debug\link.7920.write.1.tlog
C:\Users\James\Documents\Visual Studio 2012\1x01 C Fundamentals\1x01 C Fundamentals\1x01 C Fundamentals\Debug\link.8396-cvtres.read.1.tlog
C:\Users\James\Documents\Visual Studio 2012\1x01 C Fundamentals\1x01 C Fundamentals\1x01 C Fundamentals\Debug\link.8396-cvtres.write.1.tlog
C:\Users\James\Documents\Visual Studio 2012\1x01 C Fundamentals\1x01 C Fundamentals\1x01 C Fundamentals\Debug\link.8396-rc.read.1.tlog
C:\Users\James\Documents\Visual Studio 2012\1x01 C Fundamentals\1x01 C Fundamentals\1x01 C Fundamentals\Debug\link.8396-rc.write.1.tlog
C:\Users\James\Documents\Visual Studio 2012\1x01 C Fundamentals\1x01 C Fundamentals\1x01 C Fundamentals\Debug\link.8396.read.1.tlog
C:\Users\James\Documents\Visual Studio 2012\1x01 C Fundamentals\1x01 C Fundamentals\1x01 C Fundamentals\Debug\link.8396.write.1.tlog
C:\Users\James\Documents\Visual Studio 2012\1x01 C Fundamentals\1x01 C Fundamentals\1x01 C Fundamentals\Debug\link.9488-cvtres.read.1.tlog
C:\Users\James\Documents\Visual Studio 2012\1x01 C Fundamentals\1x01 C Fundamentals\1x01 C Fundamentals\Debug\link.9488-cvtres.write.1.tlog
C:\Users\James\Documents\Visual Studio 2012\1x01 C Fundamentals\1x01 C Fundamentals\1x01 C Fundamentals\Debug\link.9488-rc.read.1.tlog
C:\Users\James\Documents\Visual Studio 2012\1x01 C Fundamentals\1x01 C Fundamentals\1x01 C Fundamentals\Debug\link.9488-rc.write.1.tlog
C:\Users\James\Documents\Visual Studio 2012\1x01 C Fundamentals\1x01 C Fundamentals\1x01 C Fundamentals\Debug\link.9488.read.1.tlog
C:\Users\James\Documents\Visual Studio 2012\1x01 C Fundamentals\1x01 C Fundamentals\1x01 C Fundamentals\Debug\link.9488.write.1.tlog
C:\Users\James\Documents\Visual Studio 2012\1x01 C Fundamentals\1x01 C Fundamentals\1x01 C Fundamentals\Debug\link.command.1.tlog
C:\Users\James\Documents\Visual Studio 2012\1x01 C Fundamentals\1x01 C Fundamentals\1x01 C Fundamentals\Debug\link.read.1.tlog
C:\Users\James\Documents\Visual Studio 2012\1x01 C Fundamentals\1x01 C Fundamentals\1x01 C Fundamentals\Debug\link.write.1.tlog
C:\Users\James\Documents\Visual Studio 2012\1x01 C Fundamentals\1x01 C Fundamentals\1x01 C Fundamentals\Debug\1x01 C Fundamentals.pch
C:\Users\James\Documents\Visual Studio 2012\1x01 C Fundamentals\1x01 C Fundamentals\1x01 C Fundamentals\Debug\vc110.idb
C:\Users\James\Documents\Visual Studio 2012\1x01 C Fundamentals\1x01 C Fundamentals\1x01 C Fundamentals\Debug\vc110.pdb
C:\Users\James\Documents\Visual Studio 2012\1x01 C Fundamentals\1x01 C Fundamentals\Debug\1x01 C Fundamentals.pdb
C:\Users\James\Documents\Visual Studio 2012\1x01 C Fundamentals\1x01 C Fundamentals\Debug\1x01 C Fundamentals.exe
C:\Users\James\Documents\Visual Studio 2012\1x01 C Fundamentals\1x01 C Fundamentals\Debug\1x01 C Fundamentals.ilk
