C:\USERS\JAMES\DOCUMENTS\VISUAL STUDIO 2012\1X01 C FUNDAMENTALS\1X01 C FUNDAMENTALS\1X01 C FUNDAMENTALS\X64\DEBUG\1X01 C FUNDAMENTALS.PCH
C:\USERS\JAMES\DOCUMENTS\VISUAL STUDIO 2012\1X01 C FUNDAMENTALS\1X01 C FUNDAMENTALS\1X01 C FUNDAMENTALS\X64\DEBUG\STDAFX.OBJ
C:\USERS\JAMES\DOCUMENTS\VISUAL STUDIO 2012\1X01 C FUNDAMENTALS\1X01 C FUNDAMENTALS\1X01 C FUNDAMENTALS\X64\DEBUG\VC110.PDB
C:\USERS\JAMES\DOCUMENTS\VISUAL STUDIO 2012\1X01 C FUNDAMENTALS\1X01 C FUNDAMENTALS\1X01 C FUNDAMENTALS\X64\DEBUG\1X01 C FUNDAMENTALS.OBJ
C:\USERS\JAMES\DOCUMENTS\VISUAL STUDIO 2012\1X01 C FUNDAMENTALS\1X01 C FUNDAMENTALS\1X01 C FUNDAMENTALS\X64\DEBUG\POINTERSSTRUCTURES.OBJ
C:\USERS\JAMES\DOCUMENTS\VISUAL STUDIO 2012\1X01 C FUNDAMENTALS\1X01 C FUNDAMENTALS\1X01 C FUNDAMENTALS\X64\DEBUG\_2X00_MAINMENU.OBJ
C:\USERS\JAMES\DOCUMENTS\VISUAL STUDIO 2012\1X01 C FUNDAMENTALS\1X01 C FUNDAMENTALS\1X01 C FUNDAMENTALS\X64\DEBUG\_3X07_DYNAMICMEMORYALLOCATION.OBJ
C:\USERS\JAMES\DOCUMENTS\VISUAL STUDIO 2012\1X01 C FUNDAMENTALS\1X01 C FUNDAMENTALS\1X01 C FUNDAMENTALS\X64\DEBUG\_3X08_STRINGMANIPULATIONS.OBJ
C:\USERS\JAMES\DOCUMENTS\VISUAL STUDIO 2012\1X01 C FUNDAMENTALS\1X01 C FUNDAMENTALS\1X01 C FUNDAMENTALS\X64\DEBUG\_3X09_DATASTRUCTURES.OBJ
C:\USERS\JAMES\DOCUMENTS\VISUAL STUDIO 2012\1X01 C FUNDAMENTALS\1X01 C FUNDAMENTALS\1X01 C FUNDAMENTALS\X64\DEBUG\_3X00_HELLO_WORLD.OBJ
C:\USERS\JAMES\DOCUMENTS\VISUAL STUDIO 2012\1X01 C FUNDAMENTALS\1X01 C FUNDAMENTALS\1X01 C FUNDAMENTALS\X64\DEBUG\_3X01_KEYWORDS.OBJ
C:\USERS\JAMES\DOCUMENTS\VISUAL STUDIO 2012\1X01 C FUNDAMENTALS\1X01 C FUNDAMENTALS\1X01 C FUNDAMENTALS\X64\DEBUG\_3X02_HEADERFILES.OBJ
C:\USERS\JAMES\DOCUMENTS\VISUAL STUDIO 2012\1X01 C FUNDAMENTALS\1X01 C FUNDAMENTALS\1X01 C FUNDAMENTALS\X64\DEBUG\_3X03_CONTROLSTATEMENTS.OBJ
C:\USERS\JAMES\DOCUMENTS\VISUAL STUDIO 2012\1X01 C FUNDAMENTALS\1X01 C FUNDAMENTALS\1X01 C FUNDAMENTALS\X64\DEBUG\_3X04_OPERATORS.OBJ
C:\USERS\JAMES\DOCUMENTS\VISUAL STUDIO 2012\1X01 C FUNDAMENTALS\1X01 C FUNDAMENTALS\1X01 C FUNDAMENTALS\X64\DEBUG\_3X05_CHARMAPPING.OBJ
C:\USERS\JAMES\DOCUMENTS\VISUAL STUDIO 2012\1X01 C FUNDAMENTALS\1X01 C FUNDAMENTALS\1X01 C FUNDAMENTALS\X64\DEBUG\_3X06_DATATYPES.OBJ
C:\USERS\JAMES\DOCUMENTS\VISUAL STUDIO 2012\1X01 C FUNDAMENTALS\1X01 C FUNDAMENTALS\1X01 C FUNDAMENTALS\X64\DEBUG\_3X0A_IOTESTS.OBJ
C:\USERS\JAMES\DOCUMENTS\VISUAL STUDIO 2012\1X01 C FUNDAMENTALS\1X01 C FUNDAMENTALS\1X01 C FUNDAMENTALS\X64\DEBUG\_3X0B_USER_DEFINED_FUNCTIONS.OBJ
C:\USERS\JAMES\DOCUMENTS\VISUAL STUDIO 2012\1X01 C FUNDAMENTALS\1X01 C FUNDAMENTALS\1X01 C FUNDAMENTALS\X64\DEBUG\_4X00_LINKEDLISTS.OBJ
C:\USERS\JAMES\DOCUMENTS\VISUAL STUDIO 2012\1X01 C FUNDAMENTALS\1X01 C FUNDAMENTALS\1X01 C FUNDAMENTALS\X64\DEBUG\_4X01_SINGLELINKEDLISTOFINTS.OBJ
C:\USERS\JAMES\DOCUMENTS\VISUAL STUDIO 2012\1X01 C FUNDAMENTALS\1X01 C FUNDAMENTALS\1X01 C FUNDAMENTALS\X64\DEBUG\_4X02_SINGLELINKEDLISTOFCHAR.OBJ
C:\USERS\JAMES\DOCUMENTS\VISUAL STUDIO 2012\1X01 C FUNDAMENTALS\1X01 C FUNDAMENTALS\1X01 C FUNDAMENTALS\X64\DEBUG\_4X03_SINGLELINKEDLISTOFCHARS.OBJ
C:\USERS\JAMES\DOCUMENTS\VISUAL STUDIO 2012\1X01 C FUNDAMENTALS\1X01 C FUNDAMENTALS\X64\DEBUG\1X01 C FUNDAMENTALS.ILK
C:\USERS\JAMES\DOCUMENTS\VISUAL STUDIO 2012\1X01 C FUNDAMENTALS\1X01 C FUNDAMENTALS\X64\DEBUG\1X01 C FUNDAMENTALS.EXE
C:\USERS\JAMES\DOCUMENTS\VISUAL STUDIO 2012\1X01 C FUNDAMENTALS\1X01 C FUNDAMENTALS\X64\DEBUG\1X01 C FUNDAMENTALS.PDB
C:\Users\James\Documents\Visual Studio 2012\1x01 C Fundamentals\1x01 C Fundamentals\1x01 C Fundamentals\x64\Debug\1x01 C Fundamentals.obj
C:\Users\James\Documents\Visual Studio 2012\1x01 C Fundamentals\1x01 C Fundamentals\1x01 C Fundamentals\x64\Debug\PointersStructures.obj
C:\Users\James\Documents\Visual Studio 2012\1x01 C Fundamentals\1x01 C Fundamentals\1x01 C Fundamentals\x64\Debug\stdafx.obj
C:\Users\James\Documents\Visual Studio 2012\1x01 C Fundamentals\1x01 C Fundamentals\1x01 C Fundamentals\x64\Debug\_2x00_MainMenu.obj
C:\Users\James\Documents\Visual Studio 2012\1x01 C Fundamentals\1x01 C Fundamentals\1x01 C Fundamentals\x64\Debug\_3x00_Hello_World.obj
C:\Users\James\Documents\Visual Studio 2012\1x01 C Fundamentals\1x01 C Fundamentals\1x01 C Fundamentals\x64\Debug\_3x01_Keywords.obj
C:\Users\James\Documents\Visual Studio 2012\1x01 C Fundamentals\1x01 C Fundamentals\1x01 C Fundamentals\x64\Debug\_3x02_HeaderFiles.obj
C:\Users\James\Documents\Visual Studio 2012\1x01 C Fundamentals\1x01 C Fundamentals\1x01 C Fundamentals\x64\Debug\_3x03_ControlStatements.obj
C:\Users\James\Documents\Visual Studio 2012\1x01 C Fundamentals\1x01 C Fundamentals\1x01 C Fundamentals\x64\Debug\_3x04_Operators.obj
C:\Users\James\Documents\Visual Studio 2012\1x01 C Fundamentals\1x01 C Fundamentals\1x01 C Fundamentals\x64\Debug\_3x05_CharMapping.obj
C:\Users\James\Documents\Visual Studio 2012\1x01 C Fundamentals\1x01 C Fundamentals\1x01 C Fundamentals\x64\Debug\_3x06_DataTypes.obj
C:\Users\James\Documents\Visual Studio 2012\1x01 C Fundamentals\1x01 C Fundamentals\1x01 C Fundamentals\x64\Debug\_3x07_DynamicMemoryAllocation.obj
C:\Users\James\Documents\Visual Studio 2012\1x01 C Fundamentals\1x01 C Fundamentals\1x01 C Fundamentals\x64\Debug\_3x08_StringManipulations.obj
C:\Users\James\Documents\Visual Studio 2012\1x01 C Fundamentals\1x01 C Fundamentals\1x01 C Fundamentals\x64\Debug\_3x09_DataStructures.obj
C:\Users\James\Documents\Visual Studio 2012\1x01 C Fundamentals\1x01 C Fundamentals\1x01 C Fundamentals\x64\Debug\_3x0A_IOTests.obj
C:\Users\James\Documents\Visual Studio 2012\1x01 C Fundamentals\1x01 C Fundamentals\1x01 C Fundamentals\x64\Debug\_3x0B_User_Defined_Functions.obj
C:\Users\James\Documents\Visual Studio 2012\1x01 C Fundamentals\1x01 C Fundamentals\1x01 C Fundamentals\x64\Debug\_4x00_LinkedLists.obj
C:\Users\James\Documents\Visual Studio 2012\1x01 C Fundamentals\1x01 C Fundamentals\1x01 C Fundamentals\x64\Debug\_4x01_SingleLinkedListOfInts.obj
C:\Users\James\Documents\Visual Studio 2012\1x01 C Fundamentals\1x01 C Fundamentals\1x01 C Fundamentals\x64\Debug\_4x02_SingleLinkedListOfChar.obj
C:\Users\James\Documents\Visual Studio 2012\1x01 C Fundamentals\1x01 C Fundamentals\1x01 C Fundamentals\x64\Debug\_4x03_SingleLinkedListOfChars.obj
C:\Users\James\Documents\Visual Studio 2012\1x01 C Fundamentals\1x01 C Fundamentals\1x01 C Fundamentals\x64\Debug\cl.command.1.tlog
C:\Users\James\Documents\Visual Studio 2012\1x01 C Fundamentals\1x01 C Fundamentals\1x01 C Fundamentals\x64\Debug\CL.read.1.tlog
C:\Users\James\Documents\Visual Studio 2012\1x01 C Fundamentals\1x01 C Fundamentals\1x01 C Fundamentals\x64\Debug\CL.write.1.tlog
C:\Users\James\Documents\Visual Studio 2012\1x01 C Fundamentals\1x01 C Fundamentals\1x01 C Fundamentals\x64\Debug\link-cvtres.read.1.tlog
C:\Users\James\Documents\Visual Studio 2012\1x01 C Fundamentals\1x01 C Fundamentals\1x01 C Fundamentals\x64\Debug\link-cvtres.write.1.tlog
C:\Users\James\Documents\Visual Studio 2012\1x01 C Fundamentals\1x01 C Fundamentals\1x01 C Fundamentals\x64\Debug\link-rc.read.1.tlog
C:\Users\James\Documents\Visual Studio 2012\1x01 C Fundamentals\1x01 C Fundamentals\1x01 C Fundamentals\x64\Debug\link-rc.write.1.tlog
C:\Users\James\Documents\Visual Studio 2012\1x01 C Fundamentals\1x01 C Fundamentals\1x01 C Fundamentals\x64\Debug\link.command.1.tlog
C:\Users\James\Documents\Visual Studio 2012\1x01 C Fundamentals\1x01 C Fundamentals\1x01 C Fundamentals\x64\Debug\link.read.1.tlog
C:\Users\James\Documents\Visual Studio 2012\1x01 C Fundamentals\1x01 C Fundamentals\1x01 C Fundamentals\x64\Debug\link.write.1.tlog
C:\Users\James\Documents\Visual Studio 2012\1x01 C Fundamentals\1x01 C Fundamentals\1x01 C Fundamentals\x64\Debug\1x01 C Fundamentals.pch
C:\Users\James\Documents\Visual Studio 2012\1x01 C Fundamentals\1x01 C Fundamentals\1x01 C Fundamentals\x64\Debug\vc110.idb
C:\Users\James\Documents\Visual Studio 2012\1x01 C Fundamentals\1x01 C Fundamentals\1x01 C Fundamentals\x64\Debug\vc110.pdb
C:\Users\James\Documents\Visual Studio 2012\1x01 C Fundamentals\1x01 C Fundamentals\x64\Debug\1x01 C Fundamentals.pdb
C:\Users\James\Documents\Visual Studio 2012\1x01 C Fundamentals\1x01 C Fundamentals\x64\Debug\1x01 C Fundamentals.exe
C:\Users\James\Documents\Visual Studio 2012\1x01 C Fundamentals\1x01 C Fundamentals\x64\Debug\1x01 C Fundamentals.ilk
